mode: set
github.com/smartineztri_meli/W17-G2-Bootcamp/internal/application/default.go:20.46,24.16 2 0
github.com/smartineztri_meli/W17-G2-Bootcamp/internal/application/default.go:24.16,26.24 2 0
github.com/smartineztri_meli/W17-G2-Bootcamp/internal/application/default.go:26.24,28.4 1 0
github.com/smartineztri_meli/W17-G2-Bootcamp/internal/application/default.go:30.2,33.3 1 0
github.com/smartineztri_meli/W17-G2-Bootcamp/internal/application/default.go:36.39,39.16 2 0
github.com/smartineztri_meli/W17-G2-Bootcamp/internal/application/default.go:39.16,41.3 1 0
github.com/smartineztri_meli/W17-G2-Bootcamp/internal/application/default.go:42.2,45.16 3 0
github.com/smartineztri_meli/W17-G2-Bootcamp/internal/application/default.go:45.16,47.3 1 0
github.com/smartineztri_meli/W17-G2-Bootcamp/internal/application/default.go:50.2,100.46 40 0
github.com/smartineztri_meli/W17-G2-Bootcamp/internal/application/default.go:100.46,106.3 5 0
github.com/smartineztri_meli/W17-G2-Bootcamp/internal/application/default.go:109.2,109.48 1 0
github.com/smartineztri_meli/W17-G2-Bootcamp/internal/application/default.go:109.48,115.3 5 0
github.com/smartineztri_meli/W17-G2-Bootcamp/internal/application/default.go:118.2,118.45 1 0
github.com/smartineztri_meli/W17-G2-Bootcamp/internal/application/default.go:118.45,120.3 1 0
github.com/smartineztri_meli/W17-G2-Bootcamp/internal/application/default.go:124.2,124.47 1 0
github.com/smartineztri_meli/W17-G2-Bootcamp/internal/application/default.go:124.47,131.3 6 0
github.com/smartineztri_meli/W17-G2-Bootcamp/internal/application/default.go:133.2,133.53 1 0
github.com/smartineztri_meli/W17-G2-Bootcamp/internal/application/default.go:133.53,136.3 2 0
github.com/smartineztri_meli/W17-G2-Bootcamp/internal/application/default.go:139.2,139.49 1 0
github.com/smartineztri_meli/W17-G2-Bootcamp/internal/application/default.go:139.49,144.3 4 0
github.com/smartineztri_meli/W17-G2-Bootcamp/internal/application/default.go:147.2,147.47 1 0
github.com/smartineztri_meli/W17-G2-Bootcamp/internal/application/default.go:147.47,154.3 6 0
github.com/smartineztri_meli/W17-G2-Bootcamp/internal/application/default.go:157.2,157.53 1 0
github.com/smartineztri_meli/W17-G2-Bootcamp/internal/application/default.go:157.53,159.3 1 0
github.com/smartineztri_meli/W17-G2-Bootcamp/internal/application/default.go:162.2,162.48 1 0
github.com/smartineztri_meli/W17-G2-Bootcamp/internal/application/default.go:162.48,169.3 6 0
github.com/smartineztri_meli/W17-G2-Bootcamp/internal/application/default.go:171.2,171.52 1 0
github.com/smartineztri_meli/W17-G2-Bootcamp/internal/application/default.go:171.52,173.3 1 0
github.com/smartineztri_meli/W17-G2-Bootcamp/internal/application/default.go:176.2,176.53 1 0
github.com/smartineztri_meli/W17-G2-Bootcamp/internal/application/default.go:176.53,178.3 1 0
github.com/smartineztri_meli/W17-G2-Bootcamp/internal/application/default.go:180.2,180.45 1 0
github.com/smartineztri_meli/W17-G2-Bootcamp/internal/application/default.go:180.45,187.3 6 0
github.com/smartineztri_meli/W17-G2-Bootcamp/internal/application/default.go:190.2,191.16 2 0
github.com/smartineztri_meli/W17-G2-Bootcamp/internal/application/default.go:191.16,193.3 1 0
github.com/smartineztri_meli/W17-G2-Bootcamp/internal/application/default.go:194.2,194.12 1 0
github.com/smartineztri_meli/W17-G2-Bootcamp/cmd/main.go:14.13,16.16 2 0
github.com/smartineztri_meli/W17-G2-Bootcamp/cmd/main.go:16.16,18.3 1 0
github.com/smartineztri_meli/W17-G2-Bootcamp/cmd/main.go:19.2,32.34 3 0
github.com/smartineztri_meli/W17-G2-Bootcamp/cmd/main.go:32.34,35.3 2 0
github.com/smartineztri_meli/W17-G2-Bootcamp/docs/loader.go:10.54,11.15 1 0
github.com/smartineztri_meli/W17-G2-Bootcamp/docs/loader.go:11.15,12.35 1 0
github.com/smartineztri_meli/W17-G2-Bootcamp/docs/loader.go:12.35,14.4 1 0
github.com/smartineztri_meli/W17-G2-Bootcamp/docs/loader.go:17.2,19.16 3 0
github.com/smartineztri_meli/W17-G2-Bootcamp/docs/loader.go:19.16,20.13 1 0
github.com/smartineztri_meli/W17-G2-Bootcamp/docs/loader.go:23.2,23.56 1 0
github.com/smartineztri_meli/W17-G2-Bootcamp/docs/loader.go:23.56,24.13 1 0
github.com/smartineztri_meli/W17-G2-Bootcamp/docs/loader.go:27.2,28.29 2 0
github.com/smartineztri_meli/W17-G2-Bootcamp/docs/loader.go:28.29,30.32 2 0
github.com/smartineztri_meli/W17-G2-Bootcamp/docs/loader.go:30.32,32.4 1 0
github.com/smartineztri_meli/W17-G2-Bootcamp/docs/loader.go:34.3,35.58 2 0
github.com/smartineztri_meli/W17-G2-Bootcamp/docs/loader.go:35.58,36.46 1 0
github.com/smartineztri_meli/W17-G2-Bootcamp/docs/loader.go:39.3,40.17 2 0
github.com/smartineztri_meli/W17-G2-Bootcamp/docs/loader.go:43.2,43.15 1 0
github.com/smartineztri_meli/W17-G2-Bootcamp/docs/loader.go:46.65,48.27 2 0
github.com/smartineztri_meli/W17-G2-Bootcamp/docs/loader.go:48.27,50.3 1 0
github.com/smartineztri_meli/W17-G2-Bootcamp/docs/loader.go:52.2,53.16 2 0
github.com/smartineztri_meli/W17-G2-Bootcamp/docs/loader.go:53.16,55.3 1 0
github.com/smartineztri_meli/W17-G2-Bootcamp/docs/loader.go:56.2,58.51 2 0
github.com/smartineztri_meli/W17-G2-Bootcamp/docs/loader.go:58.51,60.3 1 0
github.com/smartineztri_meli/W17-G2-Bootcamp/docs/loader.go:62.2,62.27 1 0
github.com/smartineztri_meli/W17-G2-Bootcamp/docs/loader.go:62.27,64.17 2 0
github.com/smartineztri_meli/W17-G2-Bootcamp/docs/loader.go:64.17,66.4 1 0
github.com/smartineztri_meli/W17-G2-Bootcamp/docs/loader.go:68.3,68.24 1 0
github.com/smartineztri_meli/W17-G2-Bootcamp/docs/loader.go:68.24,70.4 1 0
github.com/smartineztri_meli/W17-G2-Bootcamp/docs/loader.go:71.3,73.42 2 0
github.com/smartineztri_meli/W17-G2-Bootcamp/docs/loader.go:73.42,75.4 1 0
github.com/smartineztri_meli/W17-G2-Bootcamp/docs/loader.go:78.2,78.51 1 0
github.com/smartineztri_meli/W17-G2-Bootcamp/docs/loader.go:78.51,80.3 1 0
github.com/smartineztri_meli/W17-G2-Bootcamp/docs/loader.go:82.2,82.12 1 0
github.com/smartineztri_meli/W17-G2-Bootcamp/pkg/models/purchase_order_model.go:20.45,23.2 2 0
github.com/smartineztri_meli/W17-G2-Bootcamp/pkg/models/purchase_order_model.go:25.46,28.16 3 0
github.com/smartineztri_meli/W17-G2-Bootcamp/pkg/models/purchase_order_model.go:28.16,30.3 1 0
github.com/smartineztri_meli/W17-G2-Bootcamp/pkg/models/purchase_order_model.go:31.2,32.12 2 0
github.com/smartineztri_meli/W17-G2-Bootcamp/tests/data/test_data.go:18.49,21.28 3 0
github.com/smartineztri_meli/W17-G2-Bootcamp/tests/data/test_data.go:21.28,23.3 1 0
github.com/smartineztri_meli/W17-G2-Bootcamp/tests/data/test_data.go:26.82,27.15 1 0
github.com/smartineztri_meli/W17-G2-Bootcamp/tests/data/test_data.go:28.17,29.28 1 0
github.com/smartineztri_meli/W17-G2-Bootcamp/tests/data/test_data.go:30.20,31.31 1 0
github.com/smartineztri_meli/W17-G2-Bootcamp/tests/data/test_data.go:32.20,33.29 1 0
github.com/smartineztri_meli/W17-G2-Bootcamp/tests/data/test_data.go:34.10,35.13 1 0
github.com/smartineztri_meli/W17-G2-Bootcamp/tests/data/test_data.go:39.66,45.2 2 0
github.com/smartineztri_meli/W17-G2-Bootcamp/tests/data/test_data.go:47.69,53.2 2 0
github.com/smartineztri_meli/W17-G2-Bootcamp/tests/data/test_data.go:55.67,61.2 2 0
github.com/smartineztri_meli/W17-G2-Bootcamp/tests/mock/locality_service_mock.go:12.75,15.2 2 0
github.com/smartineztri_meli/W17-G2-Bootcamp/tests/mock/locality_service_mock.go:17.93,20.2 2 0
github.com/smartineztri_meli/W17-G2-Bootcamp/tests/mock/locality_service_mock.go:22.73,25.2 2 0
github.com/smartineztri_meli/W17-G2-Bootcamp/tests/mock/seller_service_mock.go:12.61,15.2 2 0
github.com/smartineztri_meli/W17-G2-Bootcamp/tests/mock/seller_service_mock.go:17.66,19.24 2 0
github.com/smartineztri_meli/W17-G2-Bootcamp/tests/mock/seller_service_mock.go:19.24,21.3 1 0
github.com/smartineztri_meli/W17-G2-Bootcamp/tests/mock/seller_service_mock.go:22.2,22.48 1 0
github.com/smartineztri_meli/W17-G2-Bootcamp/tests/mock/seller_service_mock.go:25.67,28.2 2 0
github.com/smartineztri_meli/W17-G2-Bootcamp/tests/mock/seller_service_mock.go:30.62,33.2 2 0
github.com/smartineztri_meli/W17-G2-Bootcamp/tests/mock/seller_service_mock.go:35.50,38.2 2 0
github.com/smartineztri_meli/W17-G2-Bootcamp/pkg/utils/responses.go:10.67,15.2 4 0
github.com/smartineztri_meli/W17-G2-Bootcamp/pkg/utils/responses.go:16.86,21.2 4 0
github.com/smartineztri_meli/W17-G2-Bootcamp/internal/service/buyer_service.go:9.69,13.2 1 0
github.com/smartineztri_meli/W17-G2-Bootcamp/internal/service/buyer_service.go:22.66,24.2 1 0
github.com/smartineztri_meli/W17-G2-Bootcamp/internal/service/buyer_service.go:27.70,29.2 1 0
github.com/smartineztri_meli/W17-G2-Bootcamp/internal/service/buyer_service.go:32.59,34.2 1 0
github.com/smartineztri_meli/W17-G2-Bootcamp/internal/service/buyer_service.go:37.61,39.2 1 0
github.com/smartineztri_meli/W17-G2-Bootcamp/internal/service/buyer_service.go:42.51,44.2 1 0
github.com/smartineztri_meli/W17-G2-Bootcamp/internal/service/buyer_service.go:46.85,48.2 1 0
github.com/smartineztri_meli/W17-G2-Bootcamp/internal/service/carries_service.go:15.75,17.2 1 0
github.com/smartineztri_meli/W17-G2-Bootcamp/internal/service/carries_service.go:19.51,21.16 2 0
github.com/smartineztri_meli/W17-G2-Bootcamp/internal/service/carries_service.go:21.16,23.3 1 0
github.com/smartineztri_meli/W17-G2-Bootcamp/internal/service/carries_service.go:24.2,24.21 1 0
github.com/smartineztri_meli/W17-G2-Bootcamp/internal/service/carries_service.go:24.21,26.3 1 0
github.com/smartineztri_meli/W17-G2-Bootcamp/internal/service/carries_service.go:28.2,29.16 2 0
github.com/smartineztri_meli/W17-G2-Bootcamp/internal/service/carries_service.go:29.16,31.3 1 0
github.com/smartineztri_meli/W17-G2-Bootcamp/internal/service/carries_service.go:32.2,32.15 1 0
github.com/smartineztri_meli/W17-G2-Bootcamp/internal/service/carries_service.go:32.15,34.3 1 0
github.com/smartineztri_meli/W17-G2-Bootcamp/internal/service/carries_service.go:37.2,37.39 1 0
github.com/smartineztri_meli/W17-G2-Bootcamp/internal/service/carries_service.go:37.39,39.3 1 0
github.com/smartineztri_meli/W17-G2-Bootcamp/internal/service/carries_service.go:41.2,41.12 1 0
github.com/smartineztri_meli/W17-G2-Bootcamp/internal/service/carries_service.go:44.55,46.37 2 0
github.com/smartineztri_meli/W17-G2-Bootcamp/internal/service/carries_service.go:46.37,49.3 1 0
github.com/smartineztri_meli/W17-G2-Bootcamp/internal/service/carries_service.go:50.2,50.21 1 0
github.com/smartineztri_meli/W17-G2-Bootcamp/internal/service/carries_service.go:53.60,55.16 2 0
github.com/smartineztri_meli/W17-G2-Bootcamp/internal/service/carries_service.go:55.16,57.3 1 0
github.com/smartineztri_meli/W17-G2-Bootcamp/internal/service/carries_service.go:58.2,58.19 1 0
github.com/smartineztri_meli/W17-G2-Bootcamp/internal/service/carries_service.go:61.51,63.41 1 0
github.com/smartineztri_meli/W17-G2-Bootcamp/internal/service/carries_service.go:63.41,65.3 1 0
github.com/smartineztri_meli/W17-G2-Bootcamp/internal/service/carries_service.go:66.2,66.12 1 0
github.com/smartineztri_meli/W17-G2-Bootcamp/internal/service/carries_service.go:69.45,71.2 1 0
github.com/smartineztri_meli/W17-G2-Bootcamp/internal/service/carries_service.go:73.92,75.2 1 0
github.com/smartineztri_meli/W17-G2-Bootcamp/internal/service/carries_service.go:77.81,79.2 1 0
github.com/smartineztri_meli/W17-G2-Bootcamp/internal/service/employee_service.go:9.81,13.2 1 0
github.com/smartineztri_meli/W17-G2-Bootcamp/internal/service/employee_service.go:22.75,25.2 2 0
github.com/smartineztri_meli/W17-G2-Bootcamp/internal/service/employee_service.go:28.79,31.2 2 0
github.com/smartineztri_meli/W17-G2-Bootcamp/internal/service/employee_service.go:34.68,37.2 2 0
github.com/smartineztri_meli/W17-G2-Bootcamp/internal/service/employee_service.go:40.78,43.2 2 0
github.com/smartineztri_meli/W17-G2-Bootcamp/internal/service/employee_service.go:46.54,49.2 2 0
github.com/smartineztri_meli/W17-G2-Bootcamp/internal/service/inbound_service.go:12.76,16.2 1 0
github.com/smartineztri_meli/W17-G2-Bootcamp/internal/service/inbound_service.go:24.85,25.80 1 0
github.com/smartineztri_meli/W17-G2-Bootcamp/internal/service/inbound_service.go:25.80,27.3 1 0
github.com/smartineztri_meli/W17-G2-Bootcamp/internal/service/inbound_service.go:30.2,31.16 2 0
github.com/smartineztri_meli/W17-G2-Bootcamp/internal/service/inbound_service.go:31.16,36.94 2 0
github.com/smartineztri_meli/W17-G2-Bootcamp/internal/service/inbound_service.go:36.94,38.4 1 0
github.com/smartineztri_meli/W17-G2-Bootcamp/internal/service/inbound_service.go:41.3,41.67 1 0
github.com/smartineztri_meli/W17-G2-Bootcamp/internal/service/inbound_service.go:41.67,43.4 1 0
github.com/smartineztri_meli/W17-G2-Bootcamp/internal/service/inbound_service.go:45.3,45.18 1 0
github.com/smartineztri_meli/W17-G2-Bootcamp/internal/service/inbound_service.go:48.2,48.26 1 0
github.com/smartineztri_meli/W17-G2-Bootcamp/internal/service/inbound_service.go:51.93,53.2 1 0
github.com/smartineztri_meli/W17-G2-Bootcamp/internal/service/locality_service.go:9.82,13.2 1 0
github.com/smartineztri_meli/W17-G2-Bootcamp/internal/service/locality_service.go:22.82,24.2 1 0
github.com/smartineztri_meli/W17-G2-Bootcamp/internal/service/locality_service.go:26.89,28.2 1 0
github.com/smartineztri_meli/W17-G2-Bootcamp/internal/service/locality_service.go:31.76,33.2 1 0
github.com/smartineztri_meli/W17-G2-Bootcamp/internal/service/product_batches_service.go:12.98,14.2 1 0
github.com/smartineztri_meli/W17-G2-Bootcamp/internal/service/product_batches_service.go:16.81,18.2 1 0
github.com/smartineztri_meli/W17-G2-Bootcamp/internal/service/product_batches_service.go:20.67,22.2 1 0
github.com/smartineztri_meli/W17-G2-Bootcamp/internal/service/product_record_service.go:10.139,15.2 1 0
github.com/smartineztri_meli/W17-G2-Bootcamp/internal/service/product_record_service.go:25.98,27.2 1 0
github.com/smartineztri_meli/W17-G2-Bootcamp/internal/service/product_record_service.go:30.122,32.2 1 0
github.com/smartineztri_meli/W17-G2-Bootcamp/internal/service/product_record_service.go:35.85,37.16 2 0
github.com/smartineztri_meli/W17-G2-Bootcamp/internal/service/product_record_service.go:37.16,39.3 1 0
github.com/smartineztri_meli/W17-G2-Bootcamp/internal/service/product_record_service.go:40.2,40.35 1 0
github.com/smartineztri_meli/W17-G2-Bootcamp/internal/service/product_record_service.go:44.77,46.2 1 0
github.com/smartineztri_meli/W17-G2-Bootcamp/internal/service/product_service.go:9.77,13.2 1 0
github.com/smartineztri_meli/W17-G2-Bootcamp/internal/service/product_service.go:22.78,24.2 1 0
github.com/smartineztri_meli/W17-G2-Bootcamp/internal/service/product_service.go:27.76,29.2 1 0
github.com/smartineztri_meli/W17-G2-Bootcamp/internal/service/product_service.go:32.65,34.2 1 0
github.com/smartineztri_meli/W17-G2-Bootcamp/internal/service/product_service.go:37.67,39.2 1 0
github.com/smartineztri_meli/W17-G2-Bootcamp/internal/service/product_service.go:42.53,44.2 1 0
github.com/smartineztri_meli/W17-G2-Bootcamp/internal/service/purchase_order_service.go:10.25,14.2 1 0
github.com/smartineztri_meli/W17-G2-Bootcamp/internal/service/purchase_order_service.go:22.77,24.2 1 0
github.com/smartineztri_meli/W17-G2-Bootcamp/internal/service/section_service.go:9.77,13.2 1 0
github.com/smartineztri_meli/W17-G2-Bootcamp/internal/service/section_service.go:22.72,24.2 1 0
github.com/smartineztri_meli/W17-G2-Bootcamp/internal/service/section_service.go:27.76,30.2 1 0
github.com/smartineztri_meli/W17-G2-Bootcamp/internal/service/section_service.go:33.65,35.2 1 0
github.com/smartineztri_meli/W17-G2-Bootcamp/internal/service/section_service.go:38.106,40.2 1 0
github.com/smartineztri_meli/W17-G2-Bootcamp/internal/service/section_service.go:43.53,45.2 1 0
github.com/smartineztri_meli/W17-G2-Bootcamp/internal/service/section_service.go:47.90,49.2 1 0
github.com/smartineztri_meli/W17-G2-Bootcamp/internal/service/seller_service.go:9.73,13.2 1 0
github.com/smartineztri_meli/W17-G2-Bootcamp/internal/service/seller_service.go:22.69,24.2 1 0
github.com/smartineztri_meli/W17-G2-Bootcamp/internal/service/seller_service.go:27.73,29.2 1 0
github.com/smartineztri_meli/W17-G2-Bootcamp/internal/service/seller_service.go:32.70,34.2 1 0
github.com/smartineztri_meli/W17-G2-Bootcamp/internal/service/seller_service.go:37.64,39.2 1 0
github.com/smartineztri_meli/W17-G2-Bootcamp/internal/service/seller_service.go:42.52,44.2 1 0
github.com/smartineztri_meli/W17-G2-Bootcamp/internal/service/warehouse_service.go:13.79,15.2 1 0
github.com/smartineztri_meli/W17-G2-Bootcamp/internal/service/warehouse_service.go:18.63,20.2 1 0
github.com/smartineztri_meli/W17-G2-Bootcamp/internal/service/warehouse_service.go:22.68,24.2 1 0
github.com/smartineztri_meli/W17-G2-Bootcamp/internal/service/warehouse_service.go:26.57,29.16 2 0
github.com/smartineztri_meli/W17-G2-Bootcamp/internal/service/warehouse_service.go:29.16,31.3 1 0
github.com/smartineztri_meli/W17-G2-Bootcamp/internal/service/warehouse_service.go:32.2,32.12 1 0
github.com/smartineztri_meli/W17-G2-Bootcamp/internal/service/warehouse_service.go:32.12,34.3 1 0
github.com/smartineztri_meli/W17-G2-Bootcamp/internal/service/warehouse_service.go:36.2,36.23 1 0
github.com/smartineztri_meli/W17-G2-Bootcamp/internal/service/warehouse_service.go:39.59,42.16 2 0
github.com/smartineztri_meli/W17-G2-Bootcamp/internal/service/warehouse_service.go:42.16,44.3 1 0
github.com/smartineztri_meli/W17-G2-Bootcamp/internal/service/warehouse_service.go:47.2,48.59 2 0
github.com/smartineztri_meli/W17-G2-Bootcamp/internal/service/warehouse_service.go:48.59,50.3 1 0
github.com/smartineztri_meli/W17-G2-Bootcamp/internal/service/warehouse_service.go:52.2,52.63 1 0
github.com/smartineztri_meli/W17-G2-Bootcamp/internal/service/warehouse_service.go:52.63,54.3 1 0
github.com/smartineztri_meli/W17-G2-Bootcamp/internal/service/warehouse_service.go:56.2,56.25 1 0
github.com/smartineztri_meli/W17-G2-Bootcamp/internal/service/warehouse_service.go:59.49,61.2 1 0
github.com/smartineztri_meli/W17-G2-Bootcamp/pkg/utils/common/builder.go:8.131,12.31 3 0
github.com/smartineztri_meli/W17-G2-Bootcamp/pkg/utils/common/builder.go:12.31,15.3 2 0
github.com/smartineztri_meli/W17-G2-Bootcamp/pkg/utils/common/builder.go:17.2,24.20 3 0
github.com/smartineztri_meli/W17-G2-Bootcamp/pkg/utils/common/buyer_common.go:5.89,9.30 2 0
github.com/smartineztri_meli/W17-G2-Bootcamp/pkg/utils/common/buyer_common.go:9.30,11.3 1 0
github.com/smartineztri_meli/W17-G2-Bootcamp/pkg/utils/common/buyer_common.go:12.2,12.27 1 0
github.com/smartineztri_meli/W17-G2-Bootcamp/pkg/utils/common/buyer_common.go:12.27,14.3 1 0
github.com/smartineztri_meli/W17-G2-Bootcamp/pkg/utils/common/buyer_common.go:15.2,15.26 1 0
github.com/smartineztri_meli/W17-G2-Bootcamp/pkg/utils/common/buyer_common.go:15.26,17.3 1 0
github.com/smartineztri_meli/W17-G2-Bootcamp/pkg/utils/common/buyer_common.go:19.2,19.20 1 0
github.com/smartineztri_meli/W17-G2-Bootcamp/pkg/utils/common/employees_common.go:5.76,7.84 2 0
github.com/smartineztri_meli/W17-G2-Bootcamp/pkg/utils/common/employees_common.go:7.84,9.3 1 0
github.com/smartineztri_meli/W17-G2-Bootcamp/pkg/utils/common/employees_common.go:11.2,11.75 1 0
github.com/smartineztri_meli/W17-G2-Bootcamp/pkg/utils/common/employees_common.go:11.75,13.3 1 0
github.com/smartineztri_meli/W17-G2-Bootcamp/pkg/utils/common/employees_common.go:14.2,14.72 1 0
github.com/smartineztri_meli/W17-G2-Bootcamp/pkg/utils/common/employees_common.go:14.72,16.3 1 0
github.com/smartineztri_meli/W17-G2-Bootcamp/pkg/utils/common/employees_common.go:18.2,18.80 1 0
github.com/smartineztri_meli/W17-G2-Bootcamp/pkg/utils/common/employees_common.go:18.80,20.3 1 0
github.com/smartineztri_meli/W17-G2-Bootcamp/pkg/utils/common/employees_common.go:22.2,22.24 1 0
github.com/smartineztri_meli/W17-G2-Bootcamp/pkg/utils/common/product_common.go:5.76,6.26 1 0
github.com/smartineztri_meli/W17-G2-Bootcamp/pkg/utils/common/product_common.go:6.26,8.3 1 0
github.com/smartineztri_meli/W17-G2-Bootcamp/pkg/utils/common/product_common.go:9.2,9.35 1 0
github.com/smartineztri_meli/W17-G2-Bootcamp/pkg/utils/common/product_common.go:9.35,11.3 1 0
github.com/smartineztri_meli/W17-G2-Bootcamp/pkg/utils/common/product_common.go:12.2,12.35 1 0
github.com/smartineztri_meli/W17-G2-Bootcamp/pkg/utils/common/product_common.go:12.35,14.3 1 0
github.com/smartineztri_meli/W17-G2-Bootcamp/pkg/utils/common/product_common.go:15.2,15.30 1 0
github.com/smartineztri_meli/W17-G2-Bootcamp/pkg/utils/common/product_common.go:15.30,17.3 1 0
github.com/smartineztri_meli/W17-G2-Bootcamp/pkg/utils/common/product_common.go:18.2,18.30 1 0
github.com/smartineztri_meli/W17-G2-Bootcamp/pkg/utils/common/product_common.go:18.30,20.3 1 0
github.com/smartineztri_meli/W17-G2-Bootcamp/pkg/utils/common/product_common.go:21.2,21.29 1 0
github.com/smartineztri_meli/W17-G2-Bootcamp/pkg/utils/common/product_common.go:21.29,23.3 1 0
github.com/smartineztri_meli/W17-G2-Bootcamp/pkg/utils/common/product_common.go:24.2,24.30 1 0
github.com/smartineztri_meli/W17-G2-Bootcamp/pkg/utils/common/product_common.go:24.30,26.3 1 0
github.com/smartineztri_meli/W17-G2-Bootcamp/pkg/utils/common/product_common.go:27.2,27.38 1 0
github.com/smartineztri_meli/W17-G2-Bootcamp/pkg/utils/common/product_common.go:27.38,29.3 1 0
github.com/smartineztri_meli/W17-G2-Bootcamp/pkg/utils/common/product_common.go:30.2,30.36 1 0
github.com/smartineztri_meli/W17-G2-Bootcamp/pkg/utils/common/product_common.go:30.36,32.3 1 0
github.com/smartineztri_meli/W17-G2-Bootcamp/pkg/utils/common/product_common.go:33.2,33.38 1 0
github.com/smartineztri_meli/W17-G2-Bootcamp/pkg/utils/common/product_common.go:33.38,35.3 1 0
github.com/smartineztri_meli/W17-G2-Bootcamp/pkg/utils/common/product_common.go:36.2,36.37 1 0
github.com/smartineztri_meli/W17-G2-Bootcamp/pkg/utils/common/product_common.go:36.37,38.3 1 0
github.com/smartineztri_meli/W17-G2-Bootcamp/pkg/utils/common/product_common.go:39.2,39.32 1 0
github.com/smartineztri_meli/W17-G2-Bootcamp/pkg/utils/common/product_common.go:39.32,41.3 1 0
github.com/smartineztri_meli/W17-G2-Bootcamp/pkg/utils/common/section_common.go:16.47,18.17 2 0
github.com/smartineztri_meli/W17-G2-Bootcamp/pkg/utils/common/section_common.go:18.17,20.3 1 0
github.com/smartineztri_meli/W17-G2-Bootcamp/pkg/utils/common/section_common.go:21.2,22.16 2 0
github.com/smartineztri_meli/W17-G2-Bootcamp/pkg/utils/common/section_common.go:22.16,24.3 1 0
github.com/smartineztri_meli/W17-G2-Bootcamp/pkg/utils/common/section_common.go:25.2,25.16 1 0
github.com/smartineztri_meli/W17-G2-Bootcamp/pkg/utils/common/section_common.go:28.71,30.34 2 0
github.com/smartineztri_meli/W17-G2-Bootcamp/pkg/utils/common/section_common.go:30.34,32.3 1 0
github.com/smartineztri_meli/W17-G2-Bootcamp/pkg/utils/common/section_common.go:33.2,33.39 1 0
github.com/smartineztri_meli/W17-G2-Bootcamp/pkg/utils/common/section_common.go:33.39,35.3 1 0
github.com/smartineztri_meli/W17-G2-Bootcamp/pkg/utils/common/section_common.go:36.2,36.39 1 0
github.com/smartineztri_meli/W17-G2-Bootcamp/pkg/utils/common/section_common.go:36.39,38.3 1 0
github.com/smartineztri_meli/W17-G2-Bootcamp/pkg/utils/common/section_common.go:39.2,39.36 1 0
github.com/smartineztri_meli/W17-G2-Bootcamp/pkg/utils/common/section_common.go:39.36,41.3 1 0
github.com/smartineztri_meli/W17-G2-Bootcamp/pkg/utils/common/section_common.go:42.2,42.36 1 0
github.com/smartineztri_meli/W17-G2-Bootcamp/pkg/utils/common/section_common.go:42.36,44.3 1 0
github.com/smartineztri_meli/W17-G2-Bootcamp/pkg/utils/common/section_common.go:45.2,45.36 1 0
github.com/smartineztri_meli/W17-G2-Bootcamp/pkg/utils/common/section_common.go:45.36,47.3 1 0
github.com/smartineztri_meli/W17-G2-Bootcamp/pkg/utils/common/section_common.go:48.2,48.32 1 0
github.com/smartineztri_meli/W17-G2-Bootcamp/pkg/utils/common/section_common.go:48.32,50.3 1 0
github.com/smartineztri_meli/W17-G2-Bootcamp/pkg/utils/common/section_common.go:51.2,51.34 1 0
github.com/smartineztri_meli/W17-G2-Bootcamp/pkg/utils/common/section_common.go:51.34,53.3 1 0
github.com/smartineztri_meli/W17-G2-Bootcamp/pkg/utils/common/section_common.go:54.2,54.15 1 0
github.com/smartineztri_meli/W17-G2-Bootcamp/pkg/utils/common/section_common.go:57.56,71.18 4 0
github.com/smartineztri_meli/W17-G2-Bootcamp/pkg/utils/common/section_common.go:71.18,73.22 2 0
github.com/smartineztri_meli/W17-G2-Bootcamp/pkg/utils/common/section_common.go:73.22,75.4 1 0
github.com/smartineztri_meli/W17-G2-Bootcamp/pkg/utils/common/section_common.go:76.3,77.26 2 0
github.com/smartineztri_meli/W17-G2-Bootcamp/pkg/utils/common/section_common.go:77.26,79.4 1 0
github.com/smartineztri_meli/W17-G2-Bootcamp/pkg/utils/common/section_common.go:82.2,88.18 2 0
github.com/smartineztri_meli/W17-G2-Bootcamp/pkg/utils/common/section_common.go:91.44,93.17 2 0
github.com/smartineztri_meli/W17-G2-Bootcamp/pkg/utils/common/section_common.go:93.17,96.3 1 0
github.com/smartineztri_meli/W17-G2-Bootcamp/pkg/utils/common/section_common.go:97.2,100.34 3 0
github.com/smartineztri_meli/W17-G2-Bootcamp/pkg/utils/common/section_common.go:100.34,102.18 2 0
github.com/smartineztri_meli/W17-G2-Bootcamp/pkg/utils/common/section_common.go:102.18,103.12 1 0
github.com/smartineztri_meli/W17-G2-Bootcamp/pkg/utils/common/section_common.go:105.3,106.17 2 0
github.com/smartineztri_meli/W17-G2-Bootcamp/pkg/utils/common/section_common.go:106.17,108.4 1 0
github.com/smartineztri_meli/W17-G2-Bootcamp/pkg/utils/common/section_common.go:109.3,109.14 1 0
github.com/smartineztri_meli/W17-G2-Bootcamp/pkg/utils/common/section_common.go:109.14,111.4 1 0
github.com/smartineztri_meli/W17-G2-Bootcamp/pkg/utils/common/section_common.go:112.3,112.24 1 0
github.com/smartineztri_meli/W17-G2-Bootcamp/pkg/utils/common/section_common.go:115.2,115.17 1 0
github.com/smartineztri_meli/W17-G2-Bootcamp/pkg/utils/common/seller_common.go:7.76,8.32 1 0
github.com/smartineztri_meli/W17-G2-Bootcamp/pkg/utils/common/seller_common.go:8.32,10.3 1 0
github.com/smartineztri_meli/W17-G2-Bootcamp/pkg/utils/common/seller_common.go:11.2,11.30 1 0
github.com/smartineztri_meli/W17-G2-Bootcamp/pkg/utils/common/seller_common.go:11.30,13.3 1 0
github.com/smartineztri_meli/W17-G2-Bootcamp/pkg/utils/common/seller_common.go:14.2,14.34 1 0
github.com/smartineztri_meli/W17-G2-Bootcamp/pkg/utils/common/seller_common.go:14.34,16.3 1 0
github.com/smartineztri_meli/W17-G2-Bootcamp/pkg/utils/common/seller_common.go:17.2,17.26 1 0
github.com/smartineztri_meli/W17-G2-Bootcamp/pkg/utils/common/seller_common.go:17.26,19.3 1 0
github.com/smartineztri_meli/W17-G2-Bootcamp/pkg/utils/common/seller_common.go:20.2,20.31 1 0
github.com/smartineztri_meli/W17-G2-Bootcamp/pkg/utils/common/seller_common.go:20.31,22.3 1 0
github.com/smartineztri_meli/W17-G2-Bootcamp/pkg/utils/common/seller_common.go:23.2,23.16 1 0
github.com/smartineztri_meli/W17-G2-Bootcamp/pkg/utils/common/warehouse_common.go:11.56,12.40 1 0
github.com/smartineztri_meli/W17-G2-Bootcamp/pkg/utils/common/warehouse_common.go:12.40,14.3 1 0
github.com/smartineztri_meli/W17-G2-Bootcamp/pkg/utils/common/warehouse_common.go:15.2,15.42 1 0
github.com/smartineztri_meli/W17-G2-Bootcamp/pkg/utils/common/warehouse_common.go:15.42,17.3 1 0
github.com/smartineztri_meli/W17-G2-Bootcamp/pkg/utils/common/warehouse_common.go:18.2,18.46 1 0
github.com/smartineztri_meli/W17-G2-Bootcamp/pkg/utils/common/warehouse_common.go:18.46,20.3 1 0
github.com/smartineztri_meli/W17-G2-Bootcamp/pkg/utils/common/warehouse_common.go:21.2,21.28 1 0
github.com/smartineztri_meli/W17-G2-Bootcamp/pkg/utils/common/warehouse_common.go:21.28,24.3 1 0
github.com/smartineztri_meli/W17-G2-Bootcamp/pkg/utils/common/warehouse_common.go:26.2,26.61 1 0
github.com/smartineztri_meli/W17-G2-Bootcamp/pkg/utils/common/warehouse_common.go:26.61,28.3 1 0
github.com/smartineztri_meli/W17-G2-Bootcamp/pkg/utils/common/warehouse_common.go:29.2,29.12 1 0
github.com/smartineztri_meli/W17-G2-Bootcamp/pkg/utils/errors/errors.go:99.46,102.2 2 0
github.com/smartineztri_meli/W17-G2-Bootcamp/pkg/utils/errors/errors.go:105.54,111.16 5 0
github.com/smartineztri_meli/W17-G2-Bootcamp/pkg/utils/errors/errors.go:111.16,113.3 1 0
github.com/smartineztri_meli/W17-G2-Bootcamp/pkg/utils/errors/errors.go:115.2,115.55 1 0
github.com/smartineztri_meli/W17-G2-Bootcamp/pkg/utils/errors/errors.go:115.55,119.20 3 0
github.com/smartineztri_meli/W17-G2-Bootcamp/pkg/utils/errors/errors.go:120.19,121.52 1 0
github.com/smartineztri_meli/W17-G2-Bootcamp/pkg/utils/errors/errors.go:122.14,123.89 1 0
github.com/smartineztri_meli/W17-G2-Bootcamp/pkg/utils/errors/errors.go:124.13,125.77 1 0
github.com/smartineztri_meli/W17-G2-Bootcamp/pkg/utils/errors/errors.go:126.19,127.89 1 0
github.com/smartineztri_meli/W17-G2-Bootcamp/pkg/utils/errors/errors.go:128.18,129.77 1 0
github.com/smartineztri_meli/W17-G2-Bootcamp/pkg/utils/errors/errors.go:130.14,131.86 1 0
github.com/smartineztri_meli/W17-G2-Bootcamp/pkg/utils/errors/errors.go:132.13,133.74 1 0
github.com/smartineztri_meli/W17-G2-Bootcamp/pkg/utils/errors/errors.go:134.19,135.86 1 0
github.com/smartineztri_meli/W17-G2-Bootcamp/pkg/utils/errors/errors.go:136.18,137.74 1 0
github.com/smartineztri_meli/W17-G2-Bootcamp/pkg/utils/errors/errors.go:138.17,139.68 1 0
github.com/smartineztri_meli/W17-G2-Bootcamp/pkg/utils/errors/errors.go:140.11,141.75 1 0
github.com/smartineztri_meli/W17-G2-Bootcamp/pkg/utils/errors/errors.go:144.3,144.32 1 0
github.com/smartineztri_meli/W17-G2-Bootcamp/pkg/utils/errors/errors.go:146.2,146.19 1 0
github.com/smartineztri_meli/W17-G2-Bootcamp/internal/handler/buyer_handler.go:19.62,23.2 1 0
github.com/smartineztri_meli/W17-G2-Bootcamp/internal/handler/buyer_handler.go:32.50,33.54 1 0
github.com/smartineztri_meli/W17-G2-Bootcamp/internal/handler/buyer_handler.go:33.54,37.17 3 0
github.com/smartineztri_meli/W17-G2-Bootcamp/internal/handler/buyer_handler.go:37.17,40.4 2 0
github.com/smartineztri_meli/W17-G2-Bootcamp/internal/handler/buyer_handler.go:41.3,42.9 2 0
github.com/smartineztri_meli/W17-G2-Bootcamp/internal/handler/buyer_handler.go:47.51,48.54 1 0
github.com/smartineztri_meli/W17-G2-Bootcamp/internal/handler/buyer_handler.go:48.54,51.17 2 0
github.com/smartineztri_meli/W17-G2-Bootcamp/internal/handler/buyer_handler.go:51.17,54.4 2 0
github.com/smartineztri_meli/W17-G2-Bootcamp/internal/handler/buyer_handler.go:56.3,58.17 2 0
github.com/smartineztri_meli/W17-G2-Bootcamp/internal/handler/buyer_handler.go:58.17,59.11 1 0
github.com/smartineztri_meli/W17-G2-Bootcamp/internal/handler/buyer_handler.go:60.54,61.59 1 0
github.com/smartineztri_meli/W17-G2-Bootcamp/internal/handler/buyer_handler.go:62.12,63.61 1 0
github.com/smartineztri_meli/W17-G2-Bootcamp/internal/handler/buyer_handler.go:65.4,65.10 1 0
github.com/smartineztri_meli/W17-G2-Bootcamp/internal/handler/buyer_handler.go:68.3,69.9 2 0
github.com/smartineztri_meli/W17-G2-Bootcamp/internal/handler/buyer_handler.go:73.53,74.54 1 0
github.com/smartineztri_meli/W17-G2-Bootcamp/internal/handler/buyer_handler.go:74.54,79.20 3 0
github.com/smartineztri_meli/W17-G2-Bootcamp/internal/handler/buyer_handler.go:79.20,81.18 2 0
github.com/smartineztri_meli/W17-G2-Bootcamp/internal/handler/buyer_handler.go:81.18,83.5 1 0
github.com/smartineztri_meli/W17-G2-Bootcamp/internal/handler/buyer_handler.go:84.4,84.18 1 0
github.com/smartineztri_meli/W17-G2-Bootcamp/internal/handler/buyer_handler.go:87.3,88.17 2 0
github.com/smartineztri_meli/W17-G2-Bootcamp/internal/handler/buyer_handler.go:88.17,89.11 1 0
github.com/smartineztri_meli/W17-G2-Bootcamp/internal/handler/buyer_handler.go:90.54,91.59 1 0
github.com/smartineztri_meli/W17-G2-Bootcamp/internal/handler/buyer_handler.go:92.12,93.82 1 0
github.com/smartineztri_meli/W17-G2-Bootcamp/internal/handler/buyer_handler.go:95.4,95.10 1 0
github.com/smartineztri_meli/W17-G2-Bootcamp/internal/handler/buyer_handler.go:101.3,106.4 1 0
github.com/smartineztri_meli/W17-G2-Bootcamp/internal/handler/buyer_handler.go:111.50,112.54 1 0
github.com/smartineztri_meli/W17-G2-Bootcamp/internal/handler/buyer_handler.go:112.54,115.67 2 0
github.com/smartineztri_meli/W17-G2-Bootcamp/internal/handler/buyer_handler.go:115.67,118.4 2 0
github.com/smartineztri_meli/W17-G2-Bootcamp/internal/handler/buyer_handler.go:120.3,125.27 2 0
github.com/smartineztri_meli/W17-G2-Bootcamp/internal/handler/buyer_handler.go:125.27,128.38 2 0
github.com/smartineztri_meli/W17-G2-Bootcamp/internal/handler/buyer_handler.go:128.38,130.5 1 0
github.com/smartineztri_meli/W17-G2-Bootcamp/internal/handler/buyer_handler.go:132.4,134.10 3 0
github.com/smartineztri_meli/W17-G2-Bootcamp/internal/handler/buyer_handler.go:138.3,140.17 2 0
github.com/smartineztri_meli/W17-G2-Bootcamp/internal/handler/buyer_handler.go:140.17,141.11 1 0
github.com/smartineztri_meli/W17-G2-Bootcamp/internal/handler/buyer_handler.go:142.60,143.59 1 0
github.com/smartineztri_meli/W17-G2-Bootcamp/internal/handler/buyer_handler.go:144.12,145.61 1 0
github.com/smartineztri_meli/W17-G2-Bootcamp/internal/handler/buyer_handler.go:147.4,147.10 1 0
github.com/smartineztri_meli/W17-G2-Bootcamp/internal/handler/buyer_handler.go:150.3,151.9 2 0
github.com/smartineztri_meli/W17-G2-Bootcamp/internal/handler/buyer_handler.go:156.50,157.54 1 0
github.com/smartineztri_meli/W17-G2-Bootcamp/internal/handler/buyer_handler.go:157.54,160.17 2 0
github.com/smartineztri_meli/W17-G2-Bootcamp/internal/handler/buyer_handler.go:160.17,163.4 2 0
github.com/smartineztri_meli/W17-G2-Bootcamp/internal/handler/buyer_handler.go:165.3,167.17 2 0
github.com/smartineztri_meli/W17-G2-Bootcamp/internal/handler/buyer_handler.go:167.17,168.11 1 0
github.com/smartineztri_meli/W17-G2-Bootcamp/internal/handler/buyer_handler.go:169.54,170.59 1 0
github.com/smartineztri_meli/W17-G2-Bootcamp/internal/handler/buyer_handler.go:171.12,172.61 1 0
github.com/smartineztri_meli/W17-G2-Bootcamp/internal/handler/buyer_handler.go:174.4,174.10 1 0
github.com/smartineztri_meli/W17-G2-Bootcamp/internal/handler/buyer_handler.go:177.3,179.69 2 0
github.com/smartineztri_meli/W17-G2-Bootcamp/internal/handler/buyer_handler.go:179.69,182.4 2 0
github.com/smartineztri_meli/W17-G2-Bootcamp/internal/handler/buyer_handler.go:184.3,188.27 3 0
github.com/smartineztri_meli/W17-G2-Bootcamp/internal/handler/buyer_handler.go:188.27,190.38 2 0
github.com/smartineztri_meli/W17-G2-Bootcamp/internal/handler/buyer_handler.go:190.38,192.5 1 0
github.com/smartineztri_meli/W17-G2-Bootcamp/internal/handler/buyer_handler.go:194.4,196.10 3 0
github.com/smartineztri_meli/W17-G2-Bootcamp/internal/handler/buyer_handler.go:199.3,201.17 2 0
github.com/smartineztri_meli/W17-G2-Bootcamp/internal/handler/buyer_handler.go:201.17,202.11 1 0
github.com/smartineztri_meli/W17-G2-Bootcamp/internal/handler/buyer_handler.go:203.60,204.59 1 0
github.com/smartineztri_meli/W17-G2-Bootcamp/internal/handler/buyer_handler.go:205.12,206.61 1 0
github.com/smartineztri_meli/W17-G2-Bootcamp/internal/handler/buyer_handler.go:208.4,208.10 1 0
github.com/smartineztri_meli/W17-G2-Bootcamp/internal/handler/buyer_handler.go:211.3,212.9 2 0
github.com/smartineztri_meli/W17-G2-Bootcamp/internal/handler/buyer_handler.go:217.50,218.54 1 0
github.com/smartineztri_meli/W17-G2-Bootcamp/internal/handler/buyer_handler.go:218.54,221.17 2 0
github.com/smartineztri_meli/W17-G2-Bootcamp/internal/handler/buyer_handler.go:221.17,224.4 2 0
github.com/smartineztri_meli/W17-G2-Bootcamp/internal/handler/buyer_handler.go:226.3,226.40 1 0
github.com/smartineztri_meli/W17-G2-Bootcamp/internal/handler/buyer_handler.go:226.40,228.11 1 0
github.com/smartineztri_meli/W17-G2-Bootcamp/internal/handler/buyer_handler.go:229.54,230.59 1 0
github.com/smartineztri_meli/W17-G2-Bootcamp/internal/handler/buyer_handler.go:231.12,232.61 1 0
github.com/smartineztri_meli/W17-G2-Bootcamp/internal/handler/buyer_handler.go:234.4,234.10 1 0
github.com/smartineztri_meli/W17-G2-Bootcamp/internal/handler/buyer_handler.go:238.3,239.9 2 0
github.com/smartineztri_meli/W17-G2-Bootcamp/internal/handler/carries_handler.go:21.62,28.2 2 0
github.com/smartineztri_meli/W17-G2-Bootcamp/internal/handler/carries_handler.go:31.50,32.54 1 0
github.com/smartineztri_meli/W17-G2-Bootcamp/internal/handler/carries_handler.go:32.54,35.64 2 0
github.com/smartineztri_meli/W17-G2-Bootcamp/internal/handler/carries_handler.go:35.64,39.4 3 0
github.com/smartineztri_meli/W17-G2-Bootcamp/internal/handler/carries_handler.go:41.3,41.50 1 0
github.com/smartineztri_meli/W17-G2-Bootcamp/internal/handler/carries_handler.go:41.50,44.4 2 0
github.com/smartineztri_meli/W17-G2-Bootcamp/internal/handler/carries_handler.go:46.3,46.45 1 0
github.com/smartineztri_meli/W17-G2-Bootcamp/internal/handler/carries_handler.go:46.45,49.4 2 0
github.com/smartineztri_meli/W17-G2-Bootcamp/internal/handler/carries_handler.go:51.3,51.62 1 0
github.com/smartineztri_meli/W17-G2-Bootcamp/internal/handler/carries_handler.go:56.63,57.54 1 0
github.com/smartineztri_meli/W17-G2-Bootcamp/internal/handler/carries_handler.go:57.54,59.18 2 0
github.com/smartineztri_meli/W17-G2-Bootcamp/internal/handler/carries_handler.go:59.18,61.18 2 0
github.com/smartineztri_meli/W17-G2-Bootcamp/internal/handler/carries_handler.go:61.18,64.5 2 0
github.com/smartineztri_meli/W17-G2-Bootcamp/internal/handler/carries_handler.go:65.4,66.10 2 0
github.com/smartineztri_meli/W17-G2-Bootcamp/internal/handler/carries_handler.go:70.3,71.17 2 0
github.com/smartineztri_meli/W17-G2-Bootcamp/internal/handler/carries_handler.go:71.17,74.4 2 0
github.com/smartineztri_meli/W17-G2-Bootcamp/internal/handler/carries_handler.go:76.3,77.17 2 0
github.com/smartineztri_meli/W17-G2-Bootcamp/internal/handler/carries_handler.go:77.17,80.4 2 0
github.com/smartineztri_meli/W17-G2-Bootcamp/internal/handler/carries_handler.go:82.3,82.58 1 0
github.com/smartineztri_meli/W17-G2-Bootcamp/internal/handler/employee_handler.go:16.71,20.2 1 0
github.com/smartineztri_meli/W17-G2-Bootcamp/internal/handler/employee_handler.go:29.53,30.54 1 0
github.com/smartineztri_meli/W17-G2-Bootcamp/internal/handler/employee_handler.go:30.54,32.17 2 0
github.com/smartineztri_meli/W17-G2-Bootcamp/internal/handler/employee_handler.go:32.17,35.4 2 0
github.com/smartineztri_meli/W17-G2-Bootcamp/internal/handler/employee_handler.go:36.3,36.61 1 0
github.com/smartineztri_meli/W17-G2-Bootcamp/internal/handler/employee_handler.go:41.54,42.54 1 0
github.com/smartineztri_meli/W17-G2-Bootcamp/internal/handler/employee_handler.go:42.54,44.18 2 0
github.com/smartineztri_meli/W17-G2-Bootcamp/internal/handler/employee_handler.go:44.18,47.4 2 0
github.com/smartineztri_meli/W17-G2-Bootcamp/internal/handler/employee_handler.go:48.3,49.17 2 0
github.com/smartineztri_meli/W17-G2-Bootcamp/internal/handler/employee_handler.go:49.17,52.4 2 0
github.com/smartineztri_meli/W17-G2-Bootcamp/internal/handler/employee_handler.go:53.3,54.17 2 0
github.com/smartineztri_meli/W17-G2-Bootcamp/internal/handler/employee_handler.go:54.17,57.4 2 0
github.com/smartineztri_meli/W17-G2-Bootcamp/internal/handler/employee_handler.go:58.3,58.71 1 0
github.com/smartineztri_meli/W17-G2-Bootcamp/internal/handler/employee_handler.go:63.53,64.54 1 0
github.com/smartineztri_meli/W17-G2-Bootcamp/internal/handler/employee_handler.go:64.54,67.17 3 0
github.com/smartineztri_meli/W17-G2-Bootcamp/internal/handler/employee_handler.go:67.17,70.4 2 0
github.com/smartineztri_meli/W17-G2-Bootcamp/internal/handler/employee_handler.go:71.3,71.118 1 0
github.com/smartineztri_meli/W17-G2-Bootcamp/internal/handler/employee_handler.go:71.118,74.4 2 0
github.com/smartineztri_meli/W17-G2-Bootcamp/internal/handler/employee_handler.go:75.3,76.17 2 0
github.com/smartineztri_meli/W17-G2-Bootcamp/internal/handler/employee_handler.go:76.17,79.4 2 0
github.com/smartineztri_meli/W17-G2-Bootcamp/internal/handler/employee_handler.go:80.3,81.17 2 0
github.com/smartineztri_meli/W17-G2-Bootcamp/internal/handler/employee_handler.go:81.17,84.4 2 0
github.com/smartineztri_meli/W17-G2-Bootcamp/internal/handler/employee_handler.go:85.3,85.78 1 0
github.com/smartineztri_meli/W17-G2-Bootcamp/internal/handler/employee_handler.go:90.51,91.54 1 0
github.com/smartineztri_meli/W17-G2-Bootcamp/internal/handler/employee_handler.go:91.54,94.18 3 0
github.com/smartineztri_meli/W17-G2-Bootcamp/internal/handler/employee_handler.go:94.18,97.4 2 0
github.com/smartineztri_meli/W17-G2-Bootcamp/internal/handler/employee_handler.go:98.3,99.17 2 0
github.com/smartineztri_meli/W17-G2-Bootcamp/internal/handler/employee_handler.go:99.17,102.4 2 0
github.com/smartineztri_meli/W17-G2-Bootcamp/internal/handler/employee_handler.go:103.3,104.17 2 0
github.com/smartineztri_meli/W17-G2-Bootcamp/internal/handler/employee_handler.go:104.17,107.4 2 0
github.com/smartineztri_meli/W17-G2-Bootcamp/internal/handler/employee_handler.go:108.3,109.17 2 0
github.com/smartineztri_meli/W17-G2-Bootcamp/internal/handler/employee_handler.go:109.17,112.4 2 0
github.com/smartineztri_meli/W17-G2-Bootcamp/internal/handler/employee_handler.go:113.3,116.17 4 0
github.com/smartineztri_meli/W17-G2-Bootcamp/internal/handler/employee_handler.go:116.17,119.4 2 0
github.com/smartineztri_meli/W17-G2-Bootcamp/internal/handler/employee_handler.go:120.3,120.73 1 0
github.com/smartineztri_meli/W17-G2-Bootcamp/internal/handler/employee_handler.go:125.53,126.54 1 0
github.com/smartineztri_meli/W17-G2-Bootcamp/internal/handler/employee_handler.go:126.54,128.18 2 0
github.com/smartineztri_meli/W17-G2-Bootcamp/internal/handler/employee_handler.go:128.18,131.4 2 0
github.com/smartineztri_meli/W17-G2-Bootcamp/internal/handler/employee_handler.go:132.3,133.17 2 0
github.com/smartineztri_meli/W17-G2-Bootcamp/internal/handler/employee_handler.go:133.17,136.4 2 0
github.com/smartineztri_meli/W17-G2-Bootcamp/internal/handler/employee_handler.go:137.3,138.17 2 0
github.com/smartineztri_meli/W17-G2-Bootcamp/internal/handler/employee_handler.go:138.17,141.4 2 0
github.com/smartineztri_meli/W17-G2-Bootcamp/internal/handler/employee_handler.go:142.3,142.75 1 0
github.com/smartineztri_meli/W17-G2-Bootcamp/internal/handler/inbound_handler.go:15.68,19.2 1 0
github.com/smartineztri_meli/W17-G2-Bootcamp/internal/handler/inbound_handler.go:27.52,28.54 1 0
github.com/smartineztri_meli/W17-G2-Bootcamp/internal/handler/inbound_handler.go:28.54,30.71 2 0
github.com/smartineztri_meli/W17-G2-Bootcamp/internal/handler/inbound_handler.go:30.71,33.4 2 0
github.com/smartineztri_meli/W17-G2-Bootcamp/internal/handler/inbound_handler.go:35.3,36.17 2 0
github.com/smartineztri_meli/W17-G2-Bootcamp/internal/handler/inbound_handler.go:36.17,38.52 1 0
github.com/smartineztri_meli/W17-G2-Bootcamp/internal/handler/inbound_handler.go:38.52,41.5 2 0
github.com/smartineztri_meli/W17-G2-Bootcamp/internal/handler/inbound_handler.go:42.4,42.91 1 0
github.com/smartineztri_meli/W17-G2-Bootcamp/internal/handler/inbound_handler.go:42.91,45.5 2 0
github.com/smartineztri_meli/W17-G2-Bootcamp/internal/handler/inbound_handler.go:48.4,49.10 2 0
github.com/smartineztri_meli/W17-G2-Bootcamp/internal/handler/inbound_handler.go:51.3,51.82 1 0
github.com/smartineztri_meli/W17-G2-Bootcamp/internal/handler/inbound_handler.go:56.65,57.54 1 0
github.com/smartineztri_meli/W17-G2-Bootcamp/internal/handler/inbound_handler.go:57.54,61.26 3 0
github.com/smartineztri_meli/W17-G2-Bootcamp/internal/handler/inbound_handler.go:61.26,63.18 2 0
github.com/smartineztri_meli/W17-G2-Bootcamp/internal/handler/inbound_handler.go:63.18,66.5 2 0
github.com/smartineztri_meli/W17-G2-Bootcamp/internal/handler/inbound_handler.go:67.4,67.19 1 0
github.com/smartineztri_meli/W17-G2-Bootcamp/internal/handler/inbound_handler.go:70.3,71.17 2 0
github.com/smartineztri_meli/W17-G2-Bootcamp/internal/handler/inbound_handler.go:71.17,72.45 1 0
github.com/smartineztri_meli/W17-G2-Bootcamp/internal/handler/inbound_handler.go:72.45,75.5 2 0
github.com/smartineztri_meli/W17-G2-Bootcamp/internal/handler/inbound_handler.go:76.4,77.10 2 0
github.com/smartineztri_meli/W17-G2-Bootcamp/internal/handler/inbound_handler.go:79.3,79.76 1 0
github.com/smartineztri_meli/W17-G2-Bootcamp/internal/handler/locality_handler.go:15.71,19.2 1 1
github.com/smartineztri_meli/W17-G2-Bootcamp/internal/handler/locality_handler.go:28.53,29.54 1 1
github.com/smartineztri_meli/W17-G2-Bootcamp/internal/handler/locality_handler.go:29.54,31.17 2 1
github.com/smartineztri_meli/W17-G2-Bootcamp/internal/handler/locality_handler.go:31.17,34.4 2 1
github.com/smartineztri_meli/W17-G2-Bootcamp/internal/handler/locality_handler.go:35.3,35.48 1 1
github.com/smartineztri_meli/W17-G2-Bootcamp/internal/handler/locality_handler.go:39.60,40.54 1 1
github.com/smartineztri_meli/W17-G2-Bootcamp/internal/handler/locality_handler.go:40.54,44.14 4 1
github.com/smartineztri_meli/W17-G2-Bootcamp/internal/handler/locality_handler.go:45.11,46.11 1 1
github.com/smartineztri_meli/W17-G2-Bootcamp/internal/handler/locality_handler.go:47.11,49.18 2 1
github.com/smartineztri_meli/W17-G2-Bootcamp/internal/handler/locality_handler.go:49.18,52.5 2 1
github.com/smartineztri_meli/W17-G2-Bootcamp/internal/handler/locality_handler.go:53.4,53.14 1 1
github.com/smartineztri_meli/W17-G2-Bootcamp/internal/handler/locality_handler.go:53.14,56.5 2 1
github.com/smartineztri_meli/W17-G2-Bootcamp/internal/handler/locality_handler.go:58.3,59.17 2 1
github.com/smartineztri_meli/W17-G2-Bootcamp/internal/handler/locality_handler.go:59.17,62.4 2 1
github.com/smartineztri_meli/W17-G2-Bootcamp/internal/handler/locality_handler.go:63.3,63.48 1 1
github.com/smartineztri_meli/W17-G2-Bootcamp/internal/handler/locality_handler.go:68.53,69.54 1 1
github.com/smartineztri_meli/W17-G2-Bootcamp/internal/handler/locality_handler.go:69.54,72.17 3 1
github.com/smartineztri_meli/W17-G2-Bootcamp/internal/handler/locality_handler.go:72.17,75.4 2 1
github.com/smartineztri_meli/W17-G2-Bootcamp/internal/handler/locality_handler.go:77.3,78.27 2 1
github.com/smartineztri_meli/W17-G2-Bootcamp/internal/handler/locality_handler.go:78.27,80.36 2 1
github.com/smartineztri_meli/W17-G2-Bootcamp/internal/handler/locality_handler.go:80.36,82.5 1 1
github.com/smartineztri_meli/W17-G2-Bootcamp/internal/handler/locality_handler.go:83.4,84.10 2 1
github.com/smartineztri_meli/W17-G2-Bootcamp/internal/handler/locality_handler.go:87.3,88.17 2 1
github.com/smartineztri_meli/W17-G2-Bootcamp/internal/handler/locality_handler.go:88.17,91.4 2 1
github.com/smartineztri_meli/W17-G2-Bootcamp/internal/handler/locality_handler.go:92.3,92.44 1 1
github.com/smartineztri_meli/W17-G2-Bootcamp/internal/handler/product_batches_handler.go:16.83,20.2 1 0
github.com/smartineztri_meli/W17-G2-Bootcamp/internal/handler/product_batches_handler.go:22.57,23.54 1 0
github.com/smartineztri_meli/W17-G2-Bootcamp/internal/handler/product_batches_handler.go:23.54,25.17 2 0
github.com/smartineztri_meli/W17-G2-Bootcamp/internal/handler/product_batches_handler.go:25.17,28.4 2 0
github.com/smartineztri_meli/W17-G2-Bootcamp/internal/handler/product_batches_handler.go:29.3,29.76 1 0
github.com/smartineztri_meli/W17-G2-Bootcamp/internal/handler/product_batches_handler.go:33.57,34.54 1 0
github.com/smartineztri_meli/W17-G2-Bootcamp/internal/handler/product_batches_handler.go:34.54,37.17 3 0
github.com/smartineztri_meli/W17-G2-Bootcamp/internal/handler/product_batches_handler.go:37.17,40.4 2 0
github.com/smartineztri_meli/W17-G2-Bootcamp/internal/handler/product_batches_handler.go:41.3,42.32 2 0
github.com/smartineztri_meli/W17-G2-Bootcamp/internal/handler/product_batches_handler.go:42.32,44.41 2 0
github.com/smartineztri_meli/W17-G2-Bootcamp/internal/handler/product_batches_handler.go:44.41,46.5 1 0
github.com/smartineztri_meli/W17-G2-Bootcamp/internal/handler/product_batches_handler.go:47.4,48.10 2 0
github.com/smartineztri_meli/W17-G2-Bootcamp/internal/handler/product_batches_handler.go:50.3,51.17 2 0
github.com/smartineztri_meli/W17-G2-Bootcamp/internal/handler/product_batches_handler.go:51.17,54.4 2 0
github.com/smartineztri_meli/W17-G2-Bootcamp/internal/handler/product_batches_handler.go:55.3,55.74 1 0
github.com/smartineztri_meli/W17-G2-Bootcamp/internal/handler/product_handler.go:19.68,23.2 1 0
github.com/smartineztri_meli/W17-G2-Bootcamp/internal/handler/product_handler.go:32.52,33.54 1 0
github.com/smartineztri_meli/W17-G2-Bootcamp/internal/handler/product_handler.go:33.54,35.17 2 0
github.com/smartineztri_meli/W17-G2-Bootcamp/internal/handler/product_handler.go:35.17,38.4 2 0
github.com/smartineztri_meli/W17-G2-Bootcamp/internal/handler/product_handler.go:39.3,39.58 1 0
github.com/smartineztri_meli/W17-G2-Bootcamp/internal/handler/product_handler.go:44.53,45.54 1 0
github.com/smartineztri_meli/W17-G2-Bootcamp/internal/handler/product_handler.go:45.54,47.17 2 0
github.com/smartineztri_meli/W17-G2-Bootcamp/internal/handler/product_handler.go:47.17,50.4 2 0
github.com/smartineztri_meli/W17-G2-Bootcamp/internal/handler/product_handler.go:51.3,52.53 2 0
github.com/smartineztri_meli/W17-G2-Bootcamp/internal/handler/product_handler.go:52.53,55.4 2 0
github.com/smartineztri_meli/W17-G2-Bootcamp/internal/handler/product_handler.go:56.3,56.17 1 0
github.com/smartineztri_meli/W17-G2-Bootcamp/internal/handler/product_handler.go:56.17,59.4 2 0
github.com/smartineztri_meli/W17-G2-Bootcamp/internal/handler/product_handler.go:60.3,60.58 1 0
github.com/smartineztri_meli/W17-G2-Bootcamp/internal/handler/product_handler.go:65.52,66.54 1 0
github.com/smartineztri_meli/W17-G2-Bootcamp/internal/handler/product_handler.go:66.54,70.17 3 0
github.com/smartineztri_meli/W17-G2-Bootcamp/internal/handler/product_handler.go:70.17,73.4 2 0
github.com/smartineztri_meli/W17-G2-Bootcamp/internal/handler/product_handler.go:75.3,77.25 3 0
github.com/smartineztri_meli/W17-G2-Bootcamp/internal/handler/product_handler.go:77.25,80.4 2 0
github.com/smartineztri_meli/W17-G2-Bootcamp/internal/handler/product_handler.go:82.3,83.55 2 0
github.com/smartineztri_meli/W17-G2-Bootcamp/internal/handler/product_handler.go:83.55,86.4 2 0
github.com/smartineztri_meli/W17-G2-Bootcamp/internal/handler/product_handler.go:87.3,87.52 1 0
github.com/smartineztri_meli/W17-G2-Bootcamp/internal/handler/product_handler.go:87.52,91.4 2 0
github.com/smartineztri_meli/W17-G2-Bootcamp/internal/handler/product_handler.go:92.3,92.17 1 0
github.com/smartineztri_meli/W17-G2-Bootcamp/internal/handler/product_handler.go:92.17,95.4 2 0
github.com/smartineztri_meli/W17-G2-Bootcamp/internal/handler/product_handler.go:96.3,96.60 1 0
github.com/smartineztri_meli/W17-G2-Bootcamp/internal/handler/product_handler.go:101.52,102.54 1 0
github.com/smartineztri_meli/W17-G2-Bootcamp/internal/handler/product_handler.go:102.54,106.17 3 0
github.com/smartineztri_meli/W17-G2-Bootcamp/internal/handler/product_handler.go:106.17,109.4 2 0
github.com/smartineztri_meli/W17-G2-Bootcamp/internal/handler/product_handler.go:111.3,112.53 2 0
github.com/smartineztri_meli/W17-G2-Bootcamp/internal/handler/product_handler.go:112.53,115.4 2 0
github.com/smartineztri_meli/W17-G2-Bootcamp/internal/handler/product_handler.go:116.3,116.17 1 0
github.com/smartineztri_meli/W17-G2-Bootcamp/internal/handler/product_handler.go:116.17,119.4 2 0
github.com/smartineztri_meli/W17-G2-Bootcamp/internal/handler/product_handler.go:121.3,122.17 2 0
github.com/smartineztri_meli/W17-G2-Bootcamp/internal/handler/product_handler.go:122.17,125.4 2 0
github.com/smartineztri_meli/W17-G2-Bootcamp/internal/handler/product_handler.go:127.3,130.25 4 0
github.com/smartineztri_meli/W17-G2-Bootcamp/internal/handler/product_handler.go:130.25,133.4 2 0
github.com/smartineztri_meli/W17-G2-Bootcamp/internal/handler/product_handler.go:135.3,136.53 2 0
github.com/smartineztri_meli/W17-G2-Bootcamp/internal/handler/product_handler.go:136.53,139.4 2 0
github.com/smartineztri_meli/W17-G2-Bootcamp/internal/handler/product_handler.go:140.3,140.52 1 0
github.com/smartineztri_meli/W17-G2-Bootcamp/internal/handler/product_handler.go:140.52,144.4 2 0
github.com/smartineztri_meli/W17-G2-Bootcamp/internal/handler/product_handler.go:145.3,145.17 1 0
github.com/smartineztri_meli/W17-G2-Bootcamp/internal/handler/product_handler.go:145.17,148.4 2 0
github.com/smartineztri_meli/W17-G2-Bootcamp/internal/handler/product_handler.go:149.3,149.66 1 0
github.com/smartineztri_meli/W17-G2-Bootcamp/internal/handler/product_handler.go:154.52,155.54 1 0
github.com/smartineztri_meli/W17-G2-Bootcamp/internal/handler/product_handler.go:155.54,157.17 2 0
github.com/smartineztri_meli/W17-G2-Bootcamp/internal/handler/product_handler.go:157.17,160.4 2 0
github.com/smartineztri_meli/W17-G2-Bootcamp/internal/handler/product_handler.go:161.3,162.53 2 0
github.com/smartineztri_meli/W17-G2-Bootcamp/internal/handler/product_handler.go:162.53,165.4 2 0
github.com/smartineztri_meli/W17-G2-Bootcamp/internal/handler/product_handler.go:166.3,166.17 1 0
github.com/smartineztri_meli/W17-G2-Bootcamp/internal/handler/product_handler.go:166.17,169.4 2 0
github.com/smartineztri_meli/W17-G2-Bootcamp/internal/handler/product_handler.go:170.3,170.62 1 0
github.com/smartineztri_meli/W17-G2-Bootcamp/internal/handler/product_record_handler.go:17.86,21.2 1 0
github.com/smartineztri_meli/W17-G2-Bootcamp/internal/handler/product_record_handler.go:30.62,31.54 1 0
github.com/smartineztri_meli/W17-G2-Bootcamp/internal/handler/product_record_handler.go:31.54,33.15 2 0
github.com/smartineztri_meli/W17-G2-Bootcamp/internal/handler/product_record_handler.go:33.15,36.18 2 0
github.com/smartineztri_meli/W17-G2-Bootcamp/internal/handler/product_record_handler.go:36.18,39.5 2 0
github.com/smartineztri_meli/W17-G2-Bootcamp/internal/handler/product_record_handler.go:42.4,43.54 2 0
github.com/smartineztri_meli/W17-G2-Bootcamp/internal/handler/product_record_handler.go:43.54,46.5 2 0
github.com/smartineztri_meli/W17-G2-Bootcamp/internal/handler/product_record_handler.go:48.4,49.18 2 0
github.com/smartineztri_meli/W17-G2-Bootcamp/internal/handler/product_record_handler.go:49.18,52.5 2 0
github.com/smartineztri_meli/W17-G2-Bootcamp/internal/handler/product_record_handler.go:53.4,53.31 1 0
github.com/smartineztri_meli/W17-G2-Bootcamp/internal/handler/product_record_handler.go:53.31,56.5 2 0
github.com/smartineztri_meli/W17-G2-Bootcamp/internal/handler/product_record_handler.go:57.4,58.10 2 0
github.com/smartineztri_meli/W17-G2-Bootcamp/internal/handler/product_record_handler.go:61.3,62.59 2 0
github.com/smartineztri_meli/W17-G2-Bootcamp/internal/handler/product_record_handler.go:62.59,65.4 2 0
github.com/smartineztri_meli/W17-G2-Bootcamp/internal/handler/product_record_handler.go:66.3,66.17 1 0
github.com/smartineztri_meli/W17-G2-Bootcamp/internal/handler/product_record_handler.go:66.17,69.4 2 0
github.com/smartineztri_meli/W17-G2-Bootcamp/internal/handler/product_record_handler.go:70.3,70.58 1 0
github.com/smartineztri_meli/W17-G2-Bootcamp/internal/handler/product_record_handler.go:75.64,76.54 1 0
github.com/smartineztri_meli/W17-G2-Bootcamp/internal/handler/product_record_handler.go:76.54,80.17 3 0
github.com/smartineztri_meli/W17-G2-Bootcamp/internal/handler/product_record_handler.go:80.17,83.4 2 0
github.com/smartineztri_meli/W17-G2-Bootcamp/internal/handler/product_record_handler.go:85.3,87.25 3 0
github.com/smartineztri_meli/W17-G2-Bootcamp/internal/handler/product_record_handler.go:87.25,90.4 2 0
github.com/smartineztri_meli/W17-G2-Bootcamp/internal/handler/product_record_handler.go:92.3,93.53 2 0
github.com/smartineztri_meli/W17-G2-Bootcamp/internal/handler/product_record_handler.go:93.53,96.4 2 0
github.com/smartineztri_meli/W17-G2-Bootcamp/internal/handler/product_record_handler.go:97.3,97.17 1 0
github.com/smartineztri_meli/W17-G2-Bootcamp/internal/handler/product_record_handler.go:97.17,100.4 2 0
github.com/smartineztri_meli/W17-G2-Bootcamp/internal/handler/product_record_handler.go:101.3,101.60 1 0
github.com/smartineztri_meli/W17-G2-Bootcamp/internal/handler/purchase_order_handler.go:15.86,19.2 1 0
github.com/smartineztri_meli/W17-G2-Bootcamp/internal/handler/purchase_order_handler.go:26.58,27.54 1 0
github.com/smartineztri_meli/W17-G2-Bootcamp/internal/handler/purchase_order_handler.go:27.54,30.75 2 0
github.com/smartineztri_meli/W17-G2-Bootcamp/internal/handler/purchase_order_handler.go:30.75,34.4 2 0
github.com/smartineztri_meli/W17-G2-Bootcamp/internal/handler/purchase_order_handler.go:36.3,38.27 3 0
github.com/smartineztri_meli/W17-G2-Bootcamp/internal/handler/purchase_order_handler.go:38.27,39.38 1 0
github.com/smartineztri_meli/W17-G2-Bootcamp/internal/handler/purchase_order_handler.go:39.38,41.5 1 0
github.com/smartineztri_meli/W17-G2-Bootcamp/internal/handler/purchase_order_handler.go:43.4,45.10 3 0
github.com/smartineztri_meli/W17-G2-Bootcamp/internal/handler/purchase_order_handler.go:49.3,49.57 1 0
github.com/smartineztri_meli/W17-G2-Bootcamp/internal/handler/purchase_order_handler.go:49.57,51.34 2 0
github.com/smartineztri_meli/W17-G2-Bootcamp/internal/handler/purchase_order_handler.go:51.34,53.45 1 0
github.com/smartineztri_meli/W17-G2-Bootcamp/internal/handler/purchase_order_handler.go:53.45,55.6 1 0
github.com/smartineztri_meli/W17-G2-Bootcamp/internal/handler/purchase_order_handler.go:57.5,59.11 3 0
github.com/smartineztri_meli/W17-G2-Bootcamp/internal/handler/purchase_order_handler.go:63.3,65.17 2 0
github.com/smartineztri_meli/W17-G2-Bootcamp/internal/handler/purchase_order_handler.go:65.17,66.11 1 0
github.com/smartineztri_meli/W17-G2-Bootcamp/internal/handler/purchase_order_handler.go:67.104,68.59 1 0
github.com/smartineztri_meli/W17-G2-Bootcamp/internal/handler/purchase_order_handler.go:69.54,70.59 1 0
github.com/smartineztri_meli/W17-G2-Bootcamp/internal/handler/purchase_order_handler.go:71.12,72.61 1 0
github.com/smartineztri_meli/W17-G2-Bootcamp/internal/handler/purchase_order_handler.go:74.4,74.10 1 0
github.com/smartineztri_meli/W17-G2-Bootcamp/internal/handler/purchase_order_handler.go:77.3,78.9 2 0
github.com/smartineztri_meli/W17-G2-Bootcamp/internal/handler/section_handler.go:15.68,19.2 1 0
github.com/smartineztri_meli/W17-G2-Bootcamp/internal/handler/section_handler.go:28.52,29.54 1 0
github.com/smartineztri_meli/W17-G2-Bootcamp/internal/handler/section_handler.go:29.54,31.17 2 0
github.com/smartineztri_meli/W17-G2-Bootcamp/internal/handler/section_handler.go:31.17,34.4 2 0
github.com/smartineztri_meli/W17-G2-Bootcamp/internal/handler/section_handler.go:35.3,35.76 1 0
github.com/smartineztri_meli/W17-G2-Bootcamp/internal/handler/section_handler.go:40.53,41.54 1 0
github.com/smartineztri_meli/W17-G2-Bootcamp/internal/handler/section_handler.go:41.54,43.17 2 0
github.com/smartineztri_meli/W17-G2-Bootcamp/internal/handler/section_handler.go:43.17,46.4 2 0
github.com/smartineztri_meli/W17-G2-Bootcamp/internal/handler/section_handler.go:47.3,48.17 2 0
github.com/smartineztri_meli/W17-G2-Bootcamp/internal/handler/section_handler.go:48.17,51.4 2 0
github.com/smartineztri_meli/W17-G2-Bootcamp/internal/handler/section_handler.go:52.3,52.76 1 0
github.com/smartineztri_meli/W17-G2-Bootcamp/internal/handler/section_handler.go:57.52,58.54 1 0
github.com/smartineztri_meli/W17-G2-Bootcamp/internal/handler/section_handler.go:58.54,62.17 3 0
github.com/smartineztri_meli/W17-G2-Bootcamp/internal/handler/section_handler.go:62.17,65.4 2 0
github.com/smartineztri_meli/W17-G2-Bootcamp/internal/handler/section_handler.go:66.3,67.32 2 0
github.com/smartineztri_meli/W17-G2-Bootcamp/internal/handler/section_handler.go:67.32,69.41 2 0
github.com/smartineztri_meli/W17-G2-Bootcamp/internal/handler/section_handler.go:69.41,71.5 1 0
github.com/smartineztri_meli/W17-G2-Bootcamp/internal/handler/section_handler.go:72.4,73.10 2 0
github.com/smartineztri_meli/W17-G2-Bootcamp/internal/handler/section_handler.go:75.3,76.17 2 0
github.com/smartineztri_meli/W17-G2-Bootcamp/internal/handler/section_handler.go:76.17,79.4 2 0
github.com/smartineztri_meli/W17-G2-Bootcamp/internal/handler/section_handler.go:80.3,80.74 1 0
github.com/smartineztri_meli/W17-G2-Bootcamp/internal/handler/section_handler.go:85.52,86.54 1 0
github.com/smartineztri_meli/W17-G2-Bootcamp/internal/handler/section_handler.go:86.54,89.17 3 0
github.com/smartineztri_meli/W17-G2-Bootcamp/internal/handler/section_handler.go:89.17,92.4 2 0
github.com/smartineztri_meli/W17-G2-Bootcamp/internal/handler/section_handler.go:93.3,94.17 2 0
github.com/smartineztri_meli/W17-G2-Bootcamp/internal/handler/section_handler.go:94.17,97.4 2 0
github.com/smartineztri_meli/W17-G2-Bootcamp/internal/handler/section_handler.go:99.3,101.23 2 0
github.com/smartineztri_meli/W17-G2-Bootcamp/internal/handler/section_handler.go:101.23,104.4 2 0
github.com/smartineztri_meli/W17-G2-Bootcamp/internal/handler/section_handler.go:106.3,108.32 2 0
github.com/smartineztri_meli/W17-G2-Bootcamp/internal/handler/section_handler.go:108.32,110.41 2 0
github.com/smartineztri_meli/W17-G2-Bootcamp/internal/handler/section_handler.go:110.41,112.5 1 0
github.com/smartineztri_meli/W17-G2-Bootcamp/internal/handler/section_handler.go:113.4,114.10 2 0
github.com/smartineztri_meli/W17-G2-Bootcamp/internal/handler/section_handler.go:117.3,118.17 2 0
github.com/smartineztri_meli/W17-G2-Bootcamp/internal/handler/section_handler.go:118.17,121.4 2 0
github.com/smartineztri_meli/W17-G2-Bootcamp/internal/handler/section_handler.go:122.3,122.70 1 0
github.com/smartineztri_meli/W17-G2-Bootcamp/internal/handler/section_handler.go:128.52,129.54 1 0
github.com/smartineztri_meli/W17-G2-Bootcamp/internal/handler/section_handler.go:129.54,131.17 2 0
github.com/smartineztri_meli/W17-G2-Bootcamp/internal/handler/section_handler.go:131.17,134.4 2 0
github.com/smartineztri_meli/W17-G2-Bootcamp/internal/handler/section_handler.go:135.3,136.17 2 0
github.com/smartineztri_meli/W17-G2-Bootcamp/internal/handler/section_handler.go:136.17,139.4 2 0
github.com/smartineztri_meli/W17-G2-Bootcamp/internal/handler/section_handler.go:140.3,140.74 1 0
github.com/smartineztri_meli/W17-G2-Bootcamp/internal/handler/section_handler.go:144.60,145.54 1 0
github.com/smartineztri_meli/W17-G2-Bootcamp/internal/handler/section_handler.go:145.54,148.17 3 0
github.com/smartineztri_meli/W17-G2-Bootcamp/internal/handler/section_handler.go:148.17,151.4 2 0
github.com/smartineztri_meli/W17-G2-Bootcamp/internal/handler/section_handler.go:152.3,153.17 2 0
github.com/smartineztri_meli/W17-G2-Bootcamp/internal/handler/section_handler.go:153.17,156.4 2 0
github.com/smartineztri_meli/W17-G2-Bootcamp/internal/handler/section_handler.go:157.3,157.73 1 0
github.com/smartineztri_meli/W17-G2-Bootcamp/internal/handler/seller_handler.go:17.65,21.2 1 1
github.com/smartineztri_meli/W17-G2-Bootcamp/internal/handler/seller_handler.go:30.51,31.54 1 1
github.com/smartineztri_meli/W17-G2-Bootcamp/internal/handler/seller_handler.go:31.54,33.17 2 1
github.com/smartineztri_meli/W17-G2-Bootcamp/internal/handler/seller_handler.go:33.17,36.4 2 1
github.com/smartineztri_meli/W17-G2-Bootcamp/internal/handler/seller_handler.go:37.3,37.47 1 1
github.com/smartineztri_meli/W17-G2-Bootcamp/internal/handler/seller_handler.go:42.52,43.54 1 1
github.com/smartineztri_meli/W17-G2-Bootcamp/internal/handler/seller_handler.go:43.54,45.17 2 1
github.com/smartineztri_meli/W17-G2-Bootcamp/internal/handler/seller_handler.go:45.17,48.4 2 1
github.com/smartineztri_meli/W17-G2-Bootcamp/internal/handler/seller_handler.go:49.3,50.17 2 1
github.com/smartineztri_meli/W17-G2-Bootcamp/internal/handler/seller_handler.go:50.17,53.4 2 1
github.com/smartineztri_meli/W17-G2-Bootcamp/internal/handler/seller_handler.go:54.3,54.48 1 1
github.com/smartineztri_meli/W17-G2-Bootcamp/internal/handler/seller_handler.go:59.51,60.54 1 1
github.com/smartineztri_meli/W17-G2-Bootcamp/internal/handler/seller_handler.go:60.54,63.17 3 1
github.com/smartineztri_meli/W17-G2-Bootcamp/internal/handler/seller_handler.go:63.17,66.4 2 1
github.com/smartineztri_meli/W17-G2-Bootcamp/internal/handler/seller_handler.go:68.3,69.27 2 1
github.com/smartineztri_meli/W17-G2-Bootcamp/internal/handler/seller_handler.go:69.27,71.36 2 1
github.com/smartineztri_meli/W17-G2-Bootcamp/internal/handler/seller_handler.go:71.36,73.5 1 1
github.com/smartineztri_meli/W17-G2-Bootcamp/internal/handler/seller_handler.go:74.4,75.10 2 1
github.com/smartineztri_meli/W17-G2-Bootcamp/internal/handler/seller_handler.go:78.3,79.17 2 1
github.com/smartineztri_meli/W17-G2-Bootcamp/internal/handler/seller_handler.go:79.17,82.4 2 1
github.com/smartineztri_meli/W17-G2-Bootcamp/internal/handler/seller_handler.go:83.3,83.44 1 1
github.com/smartineztri_meli/W17-G2-Bootcamp/internal/handler/seller_handler.go:88.51,89.54 1 1
github.com/smartineztri_meli/W17-G2-Bootcamp/internal/handler/seller_handler.go:89.54,92.17 3 1
github.com/smartineztri_meli/W17-G2-Bootcamp/internal/handler/seller_handler.go:92.17,95.4 2 1
github.com/smartineztri_meli/W17-G2-Bootcamp/internal/handler/seller_handler.go:97.3,98.17 2 1
github.com/smartineztri_meli/W17-G2-Bootcamp/internal/handler/seller_handler.go:98.17,101.4 2 1
github.com/smartineztri_meli/W17-G2-Bootcamp/internal/handler/seller_handler.go:103.3,104.17 2 1
github.com/smartineztri_meli/W17-G2-Bootcamp/internal/handler/seller_handler.go:104.17,107.4 2 1
github.com/smartineztri_meli/W17-G2-Bootcamp/internal/handler/seller_handler.go:108.3,112.27 4 1
github.com/smartineztri_meli/W17-G2-Bootcamp/internal/handler/seller_handler.go:112.27,114.36 2 1
github.com/smartineztri_meli/W17-G2-Bootcamp/internal/handler/seller_handler.go:114.36,116.5 1 1
github.com/smartineztri_meli/W17-G2-Bootcamp/internal/handler/seller_handler.go:117.4,118.10 2 1
github.com/smartineztri_meli/W17-G2-Bootcamp/internal/handler/seller_handler.go:121.3,122.17 2 1
github.com/smartineztri_meli/W17-G2-Bootcamp/internal/handler/seller_handler.go:122.17,125.4 2 1
github.com/smartineztri_meli/W17-G2-Bootcamp/internal/handler/seller_handler.go:126.3,126.45 1 1
github.com/smartineztri_meli/W17-G2-Bootcamp/internal/handler/seller_handler.go:132.51,133.54 1 1
github.com/smartineztri_meli/W17-G2-Bootcamp/internal/handler/seller_handler.go:133.54,135.17 2 1
github.com/smartineztri_meli/W17-G2-Bootcamp/internal/handler/seller_handler.go:135.17,138.4 2 1
github.com/smartineztri_meli/W17-G2-Bootcamp/internal/handler/seller_handler.go:139.3,140.17 2 1
github.com/smartineztri_meli/W17-G2-Bootcamp/internal/handler/seller_handler.go:140.17,143.4 2 1
github.com/smartineztri_meli/W17-G2-Bootcamp/internal/handler/seller_handler.go:144.3,144.45 1 1
github.com/smartineztri_meli/W17-G2-Bootcamp/internal/handler/warehouse_handler.go:23.82,28.2 1 0
github.com/smartineztri_meli/W17-G2-Bootcamp/internal/handler/warehouse_handler.go:30.54,31.54 1 0
github.com/smartineztri_meli/W17-G2-Bootcamp/internal/handler/warehouse_handler.go:31.54,33.17 2 0
github.com/smartineztri_meli/W17-G2-Bootcamp/internal/handler/warehouse_handler.go:33.17,36.4 2 0
github.com/smartineztri_meli/W17-G2-Bootcamp/internal/handler/warehouse_handler.go:38.3,39.36 2 0
github.com/smartineztri_meli/W17-G2-Bootcamp/internal/handler/warehouse_handler.go:39.36,41.4 1 0
github.com/smartineztri_meli/W17-G2-Bootcamp/internal/handler/warehouse_handler.go:43.3,43.46 1 0
github.com/smartineztri_meli/W17-G2-Bootcamp/internal/handler/warehouse_handler.go:43.46,45.4 1 0
github.com/smartineztri_meli/W17-G2-Bootcamp/internal/handler/warehouse_handler.go:47.3,47.55 1 0
github.com/smartineztri_meli/W17-G2-Bootcamp/internal/handler/warehouse_handler.go:51.55,52.54 1 0
github.com/smartineztri_meli/W17-G2-Bootcamp/internal/handler/warehouse_handler.go:52.54,54.17 2 0
github.com/smartineztri_meli/W17-G2-Bootcamp/internal/handler/warehouse_handler.go:54.17,57.4 2 0
github.com/smartineztri_meli/W17-G2-Bootcamp/internal/handler/warehouse_handler.go:59.3,60.17 2 0
github.com/smartineztri_meli/W17-G2-Bootcamp/internal/handler/warehouse_handler.go:60.17,63.4 2 0
github.com/smartineztri_meli/W17-G2-Bootcamp/internal/handler/warehouse_handler.go:65.3,65.54 1 0
github.com/smartineztri_meli/W17-G2-Bootcamp/internal/handler/warehouse_handler.go:69.54,70.54 1 0
github.com/smartineztri_meli/W17-G2-Bootcamp/internal/handler/warehouse_handler.go:70.54,73.68 2 0
github.com/smartineztri_meli/W17-G2-Bootcamp/internal/handler/warehouse_handler.go:73.68,76.4 2 0
github.com/smartineztri_meli/W17-G2-Bootcamp/internal/handler/warehouse_handler.go:78.3,78.54 1 0
github.com/smartineztri_meli/W17-G2-Bootcamp/internal/handler/warehouse_handler.go:78.54,81.4 2 0
github.com/smartineztri_meli/W17-G2-Bootcamp/internal/handler/warehouse_handler.go:83.3,83.47 1 0
github.com/smartineztri_meli/W17-G2-Bootcamp/internal/handler/warehouse_handler.go:83.47,86.4 2 0
github.com/smartineztri_meli/W17-G2-Bootcamp/internal/handler/warehouse_handler.go:88.3,88.66 1 0
github.com/smartineztri_meli/W17-G2-Bootcamp/internal/handler/warehouse_handler.go:92.54,93.54 1 0
github.com/smartineztri_meli/W17-G2-Bootcamp/internal/handler/warehouse_handler.go:93.54,95.17 2 0
github.com/smartineztri_meli/W17-G2-Bootcamp/internal/handler/warehouse_handler.go:95.17,98.4 2 0
github.com/smartineztri_meli/W17-G2-Bootcamp/internal/handler/warehouse_handler.go:100.3,101.68 2 0
github.com/smartineztri_meli/W17-G2-Bootcamp/internal/handler/warehouse_handler.go:101.68,104.4 2 0
github.com/smartineztri_meli/W17-G2-Bootcamp/internal/handler/warehouse_handler.go:106.3,106.54 1 0
github.com/smartineztri_meli/W17-G2-Bootcamp/internal/handler/warehouse_handler.go:106.54,109.4 2 0
github.com/smartineztri_meli/W17-G2-Bootcamp/internal/handler/warehouse_handler.go:111.3,111.67 1 0
github.com/smartineztri_meli/W17-G2-Bootcamp/internal/handler/warehouse_handler.go:111.67,114.4 2 0
github.com/smartineztri_meli/W17-G2-Bootcamp/internal/handler/warehouse_handler.go:116.3,117.49 2 0
github.com/smartineztri_meli/W17-G2-Bootcamp/internal/handler/warehouse_handler.go:117.49,120.4 2 0
github.com/smartineztri_meli/W17-G2-Bootcamp/internal/handler/warehouse_handler.go:122.3,122.61 1 0
github.com/smartineztri_meli/W17-G2-Bootcamp/internal/handler/warehouse_handler.go:126.54,127.54 1 0
github.com/smartineztri_meli/W17-G2-Bootcamp/internal/handler/warehouse_handler.go:127.54,129.17 2 0
github.com/smartineztri_meli/W17-G2-Bootcamp/internal/handler/warehouse_handler.go:129.17,132.4 2 0
github.com/smartineztri_meli/W17-G2-Bootcamp/internal/handler/warehouse_handler.go:134.3,134.41 1 0
github.com/smartineztri_meli/W17-G2-Bootcamp/internal/handler/warehouse_handler.go:134.41,137.4 2 0
github.com/smartineztri_meli/W17-G2-Bootcamp/internal/handler/warehouse_handler.go:139.3,139.38 1 0
github.com/smartineztri_meli/W17-G2-Bootcamp/internal/repository/buyer_repo.go:13.40,17.2 1 0
github.com/smartineztri_meli/W17-G2-Bootcamp/internal/repository/buyer_repo.go:25.61,27.16 2 0
github.com/smartineztri_meli/W17-G2-Bootcamp/internal/repository/buyer_repo.go:27.16,29.3 1 0
github.com/smartineztri_meli/W17-G2-Bootcamp/internal/repository/buyer_repo.go:30.2,33.18 2 0
github.com/smartineztri_meli/W17-G2-Bootcamp/internal/repository/buyer_repo.go:33.18,37.17 3 0
github.com/smartineztri_meli/W17-G2-Bootcamp/internal/repository/buyer_repo.go:37.17,39.4 1 0
github.com/smartineztri_meli/W17-G2-Bootcamp/internal/repository/buyer_repo.go:40.3,40.30 1 0
github.com/smartineztri_meli/W17-G2-Bootcamp/internal/repository/buyer_repo.go:42.2,43.16 2 0
github.com/smartineztri_meli/W17-G2-Bootcamp/internal/repository/buyer_repo.go:43.16,45.3 1 0
github.com/smartineztri_meli/W17-G2-Bootcamp/internal/repository/buyer_repo.go:47.2,47.8 1 0
github.com/smartineztri_meli/W17-G2-Bootcamp/internal/repository/buyer_repo.go:51.65,58.33 2 0
github.com/smartineztri_meli/W17-G2-Bootcamp/internal/repository/buyer_repo.go:58.33,61.3 2 0
github.com/smartineztri_meli/W17-G2-Bootcamp/internal/repository/buyer_repo.go:63.2,70.16 2 0
github.com/smartineztri_meli/W17-G2-Bootcamp/internal/repository/buyer_repo.go:70.16,71.36 1 0
github.com/smartineztri_meli/W17-G2-Bootcamp/internal/repository/buyer_repo.go:71.36,74.4 2 0
github.com/smartineztri_meli/W17-G2-Bootcamp/internal/repository/buyer_repo.go:76.3,76.20 1 0
github.com/smartineztri_meli/W17-G2-Bootcamp/internal/repository/buyer_repo.go:79.2,79.19 1 0
github.com/smartineztri_meli/W17-G2-Bootcamp/internal/repository/buyer_repo.go:83.54,90.16 2 0
github.com/smartineztri_meli/W17-G2-Bootcamp/internal/repository/buyer_repo.go:90.16,92.32 2 0
github.com/smartineztri_meli/W17-G2-Bootcamp/internal/repository/buyer_repo.go:92.32,93.27 1 0
github.com/smartineztri_meli/W17-G2-Bootcamp/internal/repository/buyer_repo.go:94.14,95.46 1 0
github.com/smartineztri_meli/W17-G2-Bootcamp/internal/repository/buyer_repo.go:96.12,97.15 1 0
github.com/smartineztri_meli/W17-G2-Bootcamp/internal/repository/buyer_repo.go:102.2,103.16 2 0
github.com/smartineztri_meli/W17-G2-Bootcamp/internal/repository/buyer_repo.go:103.16,105.3 1 0
github.com/smartineztri_meli/W17-G2-Bootcamp/internal/repository/buyer_repo.go:106.2,108.8 2 0
github.com/smartineztri_meli/W17-G2-Bootcamp/internal/repository/buyer_repo.go:112.56,119.16 2 0
github.com/smartineztri_meli/W17-G2-Bootcamp/internal/repository/buyer_repo.go:119.16,121.32 2 0
github.com/smartineztri_meli/W17-G2-Bootcamp/internal/repository/buyer_repo.go:121.32,122.27 1 0
github.com/smartineztri_meli/W17-G2-Bootcamp/internal/repository/buyer_repo.go:123.14,124.46 1 0
github.com/smartineztri_meli/W17-G2-Bootcamp/internal/repository/buyer_repo.go:125.12,126.15 1 0
github.com/smartineztri_meli/W17-G2-Bootcamp/internal/repository/buyer_repo.go:131.2,131.12 1 0
github.com/smartineztri_meli/W17-G2-Bootcamp/internal/repository/buyer_repo.go:135.46,137.16 2 0
github.com/smartineztri_meli/W17-G2-Bootcamp/internal/repository/buyer_repo.go:137.16,139.3 1 0
github.com/smartineztri_meli/W17-G2-Bootcamp/internal/repository/buyer_repo.go:141.2,142.17 2 0
github.com/smartineztri_meli/W17-G2-Bootcamp/internal/repository/buyer_repo.go:142.17,144.3 1 0
github.com/smartineztri_meli/W17-G2-Bootcamp/internal/repository/buyer_repo.go:146.2,146.8 1 0
github.com/smartineztri_meli/W17-G2-Bootcamp/internal/repository/buyer_repo.go:149.92,157.15 3 0
github.com/smartineztri_meli/W17-G2-Bootcamp/internal/repository/buyer_repo.go:157.15,160.3 2 0
github.com/smartineztri_meli/W17-G2-Bootcamp/internal/repository/buyer_repo.go:160.8,163.3 2 0
github.com/smartineztri_meli/W17-G2-Bootcamp/internal/repository/buyer_repo.go:165.2,165.16 1 0
github.com/smartineztri_meli/W17-G2-Bootcamp/internal/repository/buyer_repo.go:165.16,167.3 1 0
github.com/smartineztri_meli/W17-G2-Bootcamp/internal/repository/buyer_repo.go:169.2,169.34 1 0
github.com/smartineztri_meli/W17-G2-Bootcamp/internal/repository/buyer_repo.go:169.34,171.3 1 0
github.com/smartineztri_meli/W17-G2-Bootcamp/internal/repository/buyer_repo.go:173.2,174.18 2 0
github.com/smartineztri_meli/W17-G2-Bootcamp/internal/repository/buyer_repo.go:174.18,185.17 4 0
github.com/smartineztri_meli/W17-G2-Bootcamp/internal/repository/buyer_repo.go:185.17,187.4 1 0
github.com/smartineztri_meli/W17-G2-Bootcamp/internal/repository/buyer_repo.go:189.3,189.36 1 0
github.com/smartineztri_meli/W17-G2-Bootcamp/internal/repository/buyer_repo.go:192.2,192.34 1 0
github.com/smartineztri_meli/W17-G2-Bootcamp/internal/repository/buyer_repo.go:192.34,194.3 1 0
github.com/smartineztri_meli/W17-G2-Bootcamp/internal/repository/buyer_repo.go:196.2,196.25 1 0
github.com/smartineztri_meli/W17-G2-Bootcamp/internal/repository/buyer_repo.go:196.25,198.3 1 0
github.com/smartineztri_meli/W17-G2-Bootcamp/internal/repository/buyer_repo.go:200.2,200.21 1 0
github.com/smartineztri_meli/W17-G2-Bootcamp/internal/repository/carries_repo.go:15.54,17.2 1 0
github.com/smartineztri_meli/W17-G2-Bootcamp/internal/repository/carries_repo.go:19.60,26.16 3 0
github.com/smartineztri_meli/W17-G2-Bootcamp/internal/repository/carries_repo.go:26.16,28.3 1 0
github.com/smartineztri_meli/W17-G2-Bootcamp/internal/repository/carries_repo.go:29.2,32.18 3 0
github.com/smartineztri_meli/W17-G2-Bootcamp/internal/repository/carries_repo.go:32.18,41.17 2 0
github.com/smartineztri_meli/W17-G2-Bootcamp/internal/repository/carries_repo.go:41.17,43.4 1 0
github.com/smartineztri_meli/W17-G2-Bootcamp/internal/repository/carries_repo.go:44.3,44.31 1 0
github.com/smartineztri_meli/W17-G2-Bootcamp/internal/repository/carries_repo.go:47.2,47.34 1 0
github.com/smartineztri_meli/W17-G2-Bootcamp/internal/repository/carries_repo.go:47.34,49.3 1 0
github.com/smartineztri_meli/W17-G2-Bootcamp/internal/repository/carries_repo.go:51.2,51.21 1 0
github.com/smartineztri_meli/W17-G2-Bootcamp/internal/repository/carries_repo.go:55.65,72.9 4 0
github.com/smartineztri_meli/W17-G2-Bootcamp/internal/repository/carries_repo.go:73.28,74.54 1 0
github.com/smartineztri_meli/W17-G2-Bootcamp/internal/repository/carries_repo.go:75.18,76.76 1 0
github.com/smartineztri_meli/W17-G2-Bootcamp/internal/repository/carries_repo.go:79.2,79.15 1 0
github.com/smartineztri_meli/W17-G2-Bootcamp/internal/repository/carries_repo.go:83.55,97.16 3 0
github.com/smartineztri_meli/W17-G2-Bootcamp/internal/repository/carries_repo.go:97.16,99.3 1 0
github.com/smartineztri_meli/W17-G2-Bootcamp/internal/repository/carries_repo.go:101.2,102.16 2 0
github.com/smartineztri_meli/W17-G2-Bootcamp/internal/repository/carries_repo.go:102.16,104.3 1 0
github.com/smartineztri_meli/W17-G2-Bootcamp/internal/repository/carries_repo.go:106.2,107.12 2 0
github.com/smartineztri_meli/W17-G2-Bootcamp/internal/repository/carries_repo.go:111.57,113.55 2 0
github.com/smartineztri_meli/W17-G2-Bootcamp/internal/repository/carries_repo.go:113.55,115.3 1 0
github.com/smartineztri_meli/W17-G2-Bootcamp/internal/repository/carries_repo.go:117.2,117.55 1 0
github.com/smartineztri_meli/W17-G2-Bootcamp/internal/repository/carries_repo.go:117.55,119.3 1 0
github.com/smartineztri_meli/W17-G2-Bootcamp/internal/repository/carries_repo.go:121.2,140.16 3 0
github.com/smartineztri_meli/W17-G2-Bootcamp/internal/repository/carries_repo.go:140.16,142.3 1 0
github.com/smartineztri_meli/W17-G2-Bootcamp/internal/repository/carries_repo.go:144.2,145.23 2 0
github.com/smartineztri_meli/W17-G2-Bootcamp/internal/repository/carries_repo.go:145.23,147.3 1 0
github.com/smartineztri_meli/W17-G2-Bootcamp/internal/repository/carries_repo.go:149.2,149.12 1 0
github.com/smartineztri_meli/W17-G2-Bootcamp/internal/repository/carries_repo.go:152.48,155.16 3 0
github.com/smartineztri_meli/W17-G2-Bootcamp/internal/repository/carries_repo.go:155.16,157.3 1 0
github.com/smartineztri_meli/W17-G2-Bootcamp/internal/repository/carries_repo.go:159.2,160.23 2 0
github.com/smartineztri_meli/W17-G2-Bootcamp/internal/repository/carries_repo.go:160.23,162.3 1 0
github.com/smartineztri_meli/W17-G2-Bootcamp/internal/repository/carries_repo.go:164.2,164.12 1 0
github.com/smartineztri_meli/W17-G2-Bootcamp/internal/repository/carries_repo.go:168.101,181.16 3 0
github.com/smartineztri_meli/W17-G2-Bootcamp/internal/repository/carries_repo.go:181.16,183.3 1 0
github.com/smartineztri_meli/W17-G2-Bootcamp/internal/repository/carries_repo.go:184.2,187.18 3 0
github.com/smartineztri_meli/W17-G2-Bootcamp/internal/repository/carries_repo.go:187.18,193.17 2 0
github.com/smartineztri_meli/W17-G2-Bootcamp/internal/repository/carries_repo.go:193.17,195.4 1 0
github.com/smartineztri_meli/W17-G2-Bootcamp/internal/repository/carries_repo.go:196.3,196.36 1 0
github.com/smartineztri_meli/W17-G2-Bootcamp/internal/repository/carries_repo.go:199.2,199.34 1 0
github.com/smartineztri_meli/W17-G2-Bootcamp/internal/repository/carries_repo.go:199.34,201.3 1 0
github.com/smartineztri_meli/W17-G2-Bootcamp/internal/repository/carries_repo.go:203.2,203.21 1 0
github.com/smartineztri_meli/W17-G2-Bootcamp/internal/repository/carries_repo.go:206.90,218.16 3 0
github.com/smartineztri_meli/W17-G2-Bootcamp/internal/repository/carries_repo.go:218.16,220.3 1 0
github.com/smartineztri_meli/W17-G2-Bootcamp/internal/repository/carries_repo.go:221.2,224.18 3 0
github.com/smartineztri_meli/W17-G2-Bootcamp/internal/repository/carries_repo.go:224.18,230.17 2 0
github.com/smartineztri_meli/W17-G2-Bootcamp/internal/repository/carries_repo.go:230.17,232.4 1 0
github.com/smartineztri_meli/W17-G2-Bootcamp/internal/repository/carries_repo.go:233.3,233.36 1 0
github.com/smartineztri_meli/W17-G2-Bootcamp/internal/repository/carries_repo.go:236.2,236.34 1 0
github.com/smartineztri_meli/W17-G2-Bootcamp/internal/repository/carries_repo.go:236.34,238.3 1 0
[...]
github.com/smartineztri_meli/W17-G2-Bootcamp/internal/repository/product_record_repo.go:65.2,65.35 1 0
github.com/smartineztri_meli/W17-G2-Bootcamp/internal/repository/product_record_repo.go:65.35,67.3 1 0
github.com/smartineztri_meli/W17-G2-Bootcamp/internal/repository/product_record_repo.go:68.2,68.30 1 0
github.com/smartineztri_meli/W17-G2-Bootcamp/internal/repository/product_record_repo.go:68.30,70.3 1 0
github.com/smartineztri_meli/W17-G2-Bootcamp/internal/repository/product_record_repo.go:71.2,71.8 1 0
github.com/smartineztri_meli/W17-G2-Bootcamp/internal/repository/product_record_repo.go:75.80,82.16 2 0
github.com/smartineztri_meli/W17-G2-Bootcamp/internal/repository/product_record_repo.go:82.16,84.3 1 0
github.com/smartineztri_meli/W17-G2-Bootcamp/internal/repository/product_record_repo.go:85.2,86.16 2 0
github.com/smartineztri_meli/W17-G2-Bootcamp/internal/repository/product_record_repo.go:86.16,88.3 1 0
github.com/smartineztri_meli/W17-G2-Bootcamp/internal/repository/product_record_repo.go:89.2,90.8 2 0
github.com/smartineztri_meli/W17-G2-Bootcamp/internal/repository/product_repo.go:12.44,16.2 1 0
github.com/smartineztri_meli/W17-G2-Bootcamp/internal/repository/product_repo.go:24.73,26.16 2 0
github.com/smartineztri_meli/W17-G2-Bootcamp/internal/repository/product_repo.go:26.16,28.3 1 0
github.com/smartineztri_meli/W17-G2-Bootcamp/internal/repository/product_repo.go:29.2,30.18 2 0
github.com/smartineztri_meli/W17-G2-Bootcamp/internal/repository/product_repo.go:30.18,32.275 2 0
github.com/smartineztri_meli/W17-G2-Bootcamp/internal/repository/product_repo.go:32.275,34.4 1 0
github.com/smartineztri_meli/W17-G2-Bootcamp/internal/repository/product_repo.go:35.3,35.22 1 0
github.com/smartineztri_meli/W17-G2-Bootcamp/internal/repository/product_repo.go:35.22,37.4 1 0
github.com/smartineztri_meli/W17-G2-Bootcamp/internal/repository/product_repo.go:38.3,38.33 1 0
github.com/smartineztri_meli/W17-G2-Bootcamp/internal/repository/product_repo.go:40.2,40.35 1 0
github.com/smartineztri_meli/W17-G2-Bootcamp/internal/repository/product_repo.go:40.35,42.3 1 0
github.com/smartineztri_meli/W17-G2-Bootcamp/internal/repository/product_repo.go:43.2,43.24 1 0
github.com/smartineztri_meli/W17-G2-Bootcamp/internal/repository/product_repo.go:43.24,45.3 1 0
github.com/smartineztri_meli/W17-G2-Bootcamp/internal/repository/product_repo.go:46.2,46.22 1 0
github.com/smartineztri_meli/W17-G2-Bootcamp/internal/repository/product_repo.go:50.71,52.16 2 0
github.com/smartineztri_meli/W17-G2-Bootcamp/internal/repository/product_repo.go:52.16,54.3 1 0
github.com/smartineztri_meli/W17-G2-Bootcamp/internal/repository/product_repo.go:55.2,55.273 1 0
github.com/smartineztri_meli/W17-G2-Bootcamp/internal/repository/product_repo.go:55.273,57.3 1 0
github.com/smartineztri_meli/W17-G2-Bootcamp/internal/repository/product_repo.go:58.2,58.21 1 0
github.com/smartineztri_meli/W17-G2-Bootcamp/internal/repository/product_repo.go:58.21,60.3 1 0
github.com/smartineztri_meli/W17-G2-Bootcamp/internal/repository/product_repo.go:61.2,61.21 1 0
github.com/smartineztri_meli/W17-G2-Bootcamp/internal/repository/product_repo.go:65.60,66.56 1 0
github.com/smartineztri_meli/W17-G2-Bootcamp/internal/repository/product_repo.go:66.56,69.3 2 0
github.com/smartineztri_meli/W17-G2-Bootcamp/internal/repository/product_repo.go:70.2,83.16 2 0
github.com/smartineztri_meli/W17-G2-Bootcamp/internal/repository/product_repo.go:83.16,84.120 1 0
github.com/smartineztri_meli/W17-G2-Bootcamp/internal/repository/product_repo.go:84.120,86.4 1 0
github.com/smartineztri_meli/W17-G2-Bootcamp/internal/repository/product_repo.go:87.3,87.9 1 0
github.com/smartineztri_meli/W17-G2-Bootcamp/internal/repository/product_repo.go:89.2,90.16 2 0
github.com/smartineztri_meli/W17-G2-Bootcamp/internal/repository/product_repo.go:90.16,92.3 1 0
github.com/smartineztri_meli/W17-G2-Bootcamp/internal/repository/product_repo.go:93.2,94.8 2 0
github.com/smartineztri_meli/W17-G2-Bootcamp/internal/repository/product_repo.go:98.62,113.16 2 0
github.com/smartineztri_meli/W17-G2-Bootcamp/internal/repository/product_repo.go:113.16,114.120 1 0
github.com/smartineztri_meli/W17-G2-Bootcamp/internal/repository/product_repo.go:114.120,116.4 1 0
github.com/smartineztri_meli/W17-G2-Bootcamp/internal/repository/product_repo.go:117.3,117.9 1 0
github.com/smartineztri_meli/W17-G2-Bootcamp/internal/repository/product_repo.go:119.2,119.8 1 0
github.com/smartineztri_meli/W17-G2-Bootcamp/internal/repository/product_repo.go:123.48,124.48 1 0
github.com/smartineztri_meli/W17-G2-Bootcamp/internal/repository/product_repo.go:124.48,126.3 1 0
github.com/smartineztri_meli/W17-G2-Bootcamp/internal/repository/product_repo.go:127.2,128.16 2 0
github.com/smartineztri_meli/W17-G2-Bootcamp/internal/repository/product_repo.go:128.16,130.3 1 0
github.com/smartineztri_meli/W17-G2-Bootcamp/internal/repository/product_repo.go:131.2,131.12 1 0
github.com/smartineztri_meli/W17-G2-Bootcamp/internal/repository/purchase_order_repo.go:13.56,17.2 1 0
github.com/smartineztri_meli/W17-G2-Bootcamp/internal/repository/purchase_order_repo.go:24.78,28.15 2 0
github.com/smartineztri_meli/W17-G2-Bootcamp/internal/repository/purchase_order_repo.go:28.15,30.17 2 0
github.com/smartineztri_meli/W17-G2-Bootcamp/internal/repository/purchase_order_repo.go:30.17,32.4 1 0
github.com/smartineztri_meli/W17-G2-Bootcamp/internal/repository/purchase_order_repo.go:32.9,34.4 1 0
github.com/smartineztri_meli/W17-G2-Bootcamp/internal/repository/purchase_order_repo.go:36.2,44.16 3 0
github.com/smartineztri_meli/W17-G2-Bootcamp/internal/repository/purchase_order_repo.go:44.16,46.32 2 0
github.com/smartineztri_meli/W17-G2-Bootcamp/internal/repository/purchase_order_repo.go:46.32,47.27 1 0
github.com/smartineztri_meli/W17-G2-Bootcamp/internal/repository/purchase_order_repo.go:48.14,49.50 1 0
github.com/smartineztri_meli/W17-G2-Bootcamp/internal/repository/purchase_order_repo.go:50.14,51.32 1 0
github.com/smartineztri_meli/W17-G2-Bootcamp/internal/repository/purchase_order_repo.go:52.12,53.15 1 0
github.com/smartineztri_meli/W17-G2-Bootcamp/internal/repository/purchase_order_repo.go:58.2,60.53 2 0
github.com/smartineztri_meli/W17-G2-Bootcamp/internal/repository/purchase_order_repo.go:60.53,63.17 3 0
github.com/smartineztri_meli/W17-G2-Bootcamp/internal/repository/purchase_order_repo.go:63.17,64.9 1 0
github.com/smartineztri_meli/W17-G2-Bootcamp/internal/repository/purchase_order_repo.go:66.3,66.42 1 0
github.com/smartineztri_meli/W17-G2-Bootcamp/internal/repository/purchase_order_repo.go:69.2,69.16 1 0
github.com/smartineztri_meli/W17-G2-Bootcamp/internal/repository/purchase_order_repo.go:69.16,71.3 1 0
github.com/smartineztri_meli/W17-G2-Bootcamp/internal/repository/purchase_order_repo.go:73.2,75.12 2 0
github.com/smartineztri_meli/W17-G2-Bootcamp/internal/repository/purchase_order_repo.go:78.101,86.16 2 0
github.com/smartineztri_meli/W17-G2-Bootcamp/internal/repository/purchase_order_repo.go:86.16,88.32 2 0
github.com/smartineztri_meli/W17-G2-Bootcamp/internal/repository/purchase_order_repo.go:88.32,89.27 1 0
github.com/smartineztri_meli/W17-G2-Bootcamp/internal/repository/purchase_order_repo.go:90.14,91.32 1 0
github.com/smartineztri_meli/W17-G2-Bootcamp/internal/repository/purchase_order_repo.go:92.12,93.15 1 0
github.com/smartineztri_meli/W17-G2-Bootcamp/internal/repository/purchase_order_repo.go:98.2,99.16 2 0
github.com/smartineztri_meli/W17-G2-Bootcamp/internal/repository/purchase_order_repo.go:99.16,101.3 1 0
github.com/smartineztri_meli/W17-G2-Bootcamp/internal/repository/purchase_order_repo.go:102.2,104.12 2 0
github.com/smartineztri_meli/W17-G2-Bootcamp/internal/repository/purchase_order_repo.go:107.109,117.16 3 0
github.com/smartineztri_meli/W17-G2-Bootcamp/internal/repository/purchase_order_repo.go:117.16,119.3 1 0
github.com/smartineztri_meli/W17-G2-Bootcamp/internal/repository/purchase_order_repo.go:121.2,121.27 1 0
github.com/smartineztri_meli/W17-G2-Bootcamp/internal/repository/section_repo.go:15.44,19.2 1 0
github.com/smartineztri_meli/W17-G2-Bootcamp/internal/repository/section_repo.go:27.67,29.16 2 0
github.com/smartineztri_meli/W17-G2-Bootcamp/internal/repository/section_repo.go:29.16,32.3 2 0
github.com/smartineztri_meli/W17-G2-Bootcamp/internal/repository/section_repo.go:34.2,36.18 2 0
github.com/smartineztri_meli/W17-G2-Bootcamp/internal/repository/section_repo.go:36.18,39.17 3 0
github.com/smartineztri_meli/W17-G2-Bootcamp/internal/repository/section_repo.go:39.17,41.4 1 0
github.com/smartineztri_meli/W17-G2-Bootcamp/internal/repository/section_repo.go:42.3,42.39 1 0
github.com/smartineztri_meli/W17-G2-Bootcamp/internal/repository/section_repo.go:45.2,45.24 1 0
github.com/smartineztri_meli/W17-G2-Bootcamp/internal/repository/section_repo.go:45.24,47.3 1 0
github.com/smartineztri_meli/W17-G2-Bootcamp/internal/repository/section_repo.go:48.2,48.22 1 0
github.com/smartineztri_meli/W17-G2-Bootcamp/internal/repository/section_repo.go:52.71,56.16 3 0
github.com/smartineztri_meli/W17-G2-Bootcamp/internal/repository/section_repo.go:56.16,58.3 1 0
github.com/smartineztri_meli/W17-G2-Bootcamp/internal/repository/section_repo.go:59.2,59.21 1 0
github.com/smartineztri_meli/W17-G2-Bootcamp/internal/repository/section_repo.go:63.60,68.16 2 0
github.com/smartineztri_meli/W17-G2-Bootcamp/internal/repository/section_repo.go:68.16,70.32 2 0
github.com/smartineztri_meli/W17-G2-Bootcamp/internal/repository/section_repo.go:70.32,71.31 1 0
github.com/smartineztri_meli/W17-G2-Bootcamp/internal/repository/section_repo.go:71.31,73.5 1 0
github.com/smartineztri_meli/W17-G2-Bootcamp/internal/repository/section_repo.go:74.4,74.31 1 0
github.com/smartineztri_meli/W17-G2-Bootcamp/internal/repository/section_repo.go:74.31,76.5 1 0
github.com/smartineztri_meli/W17-G2-Bootcamp/internal/repository/section_repo.go:80.2,81.16 2 0
github.com/smartineztri_meli/W17-G2-Bootcamp/internal/repository/section_repo.go:81.16,83.3 1 0
github.com/smartineztri_meli/W17-G2-Bootcamp/internal/repository/section_repo.go:86.2,88.8 2 0
github.com/smartineztri_meli/W17-G2-Bootcamp/internal/repository/section_repo.go:92.100,97.16 3 0
github.com/smartineztri_meli/W17-G2-Bootcamp/internal/repository/section_repo.go:97.16,99.32 2 0
github.com/smartineztri_meli/W17-G2-Bootcamp/internal/repository/section_repo.go:99.32,100.31 1 0
github.com/smartineztri_meli/W17-G2-Bootcamp/internal/repository/section_repo.go:100.31,102.5 1 0
github.com/smartineztri_meli/W17-G2-Bootcamp/internal/repository/section_repo.go:103.4,103.31 1 0
github.com/smartineztri_meli/W17-G2-Bootcamp/internal/repository/section_repo.go:103.31,105.5 1 0
github.com/smartineztri_meli/W17-G2-Bootcamp/internal/repository/section_repo.go:107.3,107.9 1 0
github.com/smartineztri_meli/W17-G2-Bootcamp/internal/repository/section_repo.go:110.2,111.16 2 0
github.com/smartineztri_meli/W17-G2-Bootcamp/internal/repository/section_repo.go:111.16,113.3 1 0
github.com/smartineztri_meli/W17-G2-Bootcamp/internal/repository/section_repo.go:114.2,115.28 2 0
github.com/smartineztri_meli/W17-G2-Bootcamp/internal/repository/section_repo.go:115.28,117.3 1 0
github.com/smartineztri_meli/W17-G2-Bootcamp/internal/repository/section_repo.go:118.2,118.18 1 0
github.com/smartineztri_meli/W17-G2-Bootcamp/internal/repository/section_repo.go:122.48,124.16 2 0
github.com/smartineztri_meli/W17-G2-Bootcamp/internal/repository/section_repo.go:124.16,126.3 1 0
github.com/smartineztri_meli/W17-G2-Bootcamp/internal/repository/section_repo.go:127.2,127.12 1 0
github.com/smartineztri_meli/W17-G2-Bootcamp/internal/repository/section_repo.go:130.85,133.16 3 0
github.com/smartineztri_meli/W17-G2-Bootcamp/internal/repository/section_repo.go:133.16,135.3 1 0
github.com/smartineztri_meli/W17-G2-Bootcamp/internal/repository/section_repo.go:136.2,141.18 4 0
github.com/smartineztri_meli/W17-G2-Bootcamp/internal/repository/section_repo.go:141.18,144.17 3 0
github.com/smartineztri_meli/W17-G2-Bootcamp/internal/repository/section_repo.go:144.17,146.4 1 0
github.com/smartineztri_meli/W17-G2-Bootcamp/internal/repository/section_repo.go:147.3,148.36 2 0
github.com/smartineztri_meli/W17-G2-Bootcamp/internal/repository/section_repo.go:152.2,152.18 1 0
github.com/smartineztri_meli/W17-G2-Bootcamp/internal/repository/section_repo.go:152.18,153.26 1 0
github.com/smartineztri_meli/W17-G2-Bootcamp/internal/repository/section_repo.go:153.26,154.21 1 0
github.com/smartineztri_meli/W17-G2-Bootcamp/internal/repository/section_repo.go:154.21,160.5 1 0
github.com/smartineztri_meli/W17-G2-Bootcamp/internal/repository/section_repo.go:164.2,164.21 1 0
github.com/smartineztri_meli/W17-G2-Bootcamp/internal/repository/seller_repo.go:13.47,17.2 1 1
github.com/smartineztri_meli/W17-G2-Bootcamp/internal/repository/seller_repo.go:25.64,27.16 2 1
github.com/smartineztri_meli/W17-G2-Bootcamp/internal/repository/seller_repo.go:27.16,29.3 1 1
github.com/smartineztri_meli/W17-G2-Bootcamp/internal/repository/seller_repo.go:30.2,31.18 2 1
github.com/smartineztri_meli/W17-G2-Bootcamp/internal/repository/seller_repo.go:31.18,34.17 3 1
github.com/smartineztri_meli/W17-G2-Bootcamp/internal/repository/seller_repo.go:34.17,36.4 1 1
github.com/smartineztri_meli/W17-G2-Bootcamp/internal/repository/seller_repo.go:37.3,37.36 1 1
github.com/smartineztri_meli/W17-G2-Bootcamp/internal/repository/seller_repo.go:39.2,39.23 1 1
github.com/smartineztri_meli/W17-G2-Bootcamp/internal/repository/seller_repo.go:39.23,41.3 1 1
github.com/smartineztri_meli/W17-G2-Bootcamp/internal/repository/seller_repo.go:42.2,42.8 1 1
github.com/smartineztri_meli/W17-G2-Bootcamp/internal/repository/seller_repo.go:46.68,49.16 3 1
github.com/smartineztri_meli/W17-G2-Bootcamp/internal/repository/seller_repo.go:49.16,50.36 1 1
github.com/smartineztri_meli/W17-G2-Bootcamp/internal/repository/seller_repo.go:50.36,52.4 1 1
github.com/smartineztri_meli/W17-G2-Bootcamp/internal/repository/seller_repo.go:53.3,53.57 1 1
github.com/smartineztri_meli/W17-G2-Bootcamp/internal/repository/seller_repo.go:55.2,55.20 1 1
github.com/smartineztri_meli/W17-G2-Bootcamp/internal/repository/seller_repo.go:59.65,61.16 2 1
github.com/smartineztri_meli/W17-G2-Bootcamp/internal/repository/seller_repo.go:61.16,63.32 2 1
github.com/smartineztri_meli/W17-G2-Bootcamp/internal/repository/seller_repo.go:63.32,64.31 1 1
github.com/smartineztri_meli/W17-G2-Bootcamp/internal/repository/seller_repo.go:64.31,66.5 1 1
github.com/smartineztri_meli/W17-G2-Bootcamp/internal/repository/seller_repo.go:67.4,67.31 1 1
github.com/smartineztri_meli/W17-G2-Bootcamp/internal/repository/seller_repo.go:67.31,69.5 1 1
github.com/smartineztri_meli/W17-G2-Bootcamp/internal/repository/seller_repo.go:71.3,71.47 1 1
github.com/smartineztri_meli/W17-G2-Bootcamp/internal/repository/seller_repo.go:73.2,75.16 3 1
github.com/smartineztri_meli/W17-G2-Bootcamp/internal/repository/seller_repo.go:79.59,81.16 2 1
github.com/smartineztri_meli/W17-G2-Bootcamp/internal/repository/seller_repo.go:81.16,83.32 2 1
github.com/smartineztri_meli/W17-G2-Bootcamp/internal/repository/seller_repo.go:83.32,84.31 1 1
github.com/smartineztri_meli/W17-G2-Bootcamp/internal/repository/seller_repo.go:84.31,86.5 1 1
github.com/smartineztri_meli/W17-G2-Bootcamp/internal/repository/seller_repo.go:87.4,87.31 1 1
github.com/smartineztri_meli/W17-G2-Bootcamp/internal/repository/seller_repo.go:87.31,89.5 1 1
github.com/smartineztri_meli/W17-G2-Bootcamp/internal/repository/seller_repo.go:91.3,91.51 1 1
github.com/smartineztri_meli/W17-G2-Bootcamp/internal/repository/seller_repo.go:93.2,93.12 1 1
github.com/smartineztri_meli/W17-G2-Bootcamp/internal/repository/seller_repo.go:97.47,99.16 2 1
github.com/smartineztri_meli/W17-G2-Bootcamp/internal/repository/seller_repo.go:99.16,101.3 1 1
github.com/smartineztri_meli/W17-G2-Bootcamp/internal/repository/seller_repo.go:102.2,103.17 2 1
github.com/smartineztri_meli/W17-G2-Bootcamp/internal/repository/seller_repo.go:103.17,105.3 1 1
github.com/smartineztri_meli/W17-G2-Bootcamp/internal/repository/seller_repo.go:106.2,106.12 1 1
github.com/smartineztri_meli/W17-G2-Bootcamp/internal/repository/warehouse_repo.go:15.62,17.2 1 0
github.com/smartineztri_meli/W17-G2-Bootcamp/internal/repository/warehouse_repo.go:20.68,27.16 3 0
github.com/smartineztri_meli/W17-G2-Bootcamp/internal/repository/warehouse_repo.go:27.16,29.3 1 0
github.com/smartineztri_meli/W17-G2-Bootcamp/internal/repository/warehouse_repo.go:30.2,33.18 3 0
github.com/smartineztri_meli/W17-G2-Bootcamp/internal/repository/warehouse_repo.go:33.18,42.17 2 0
github.com/smartineztri_meli/W17-G2-Bootcamp/internal/repository/warehouse_repo.go:42.17,44.4 1 0
github.com/smartineztri_meli/W17-G2-Bootcamp/internal/repository/warehouse_repo.go:45.3,45.38 1 0
github.com/smartineztri_meli/W17-G2-Bootcamp/internal/repository/warehouse_repo.go:48.2,48.34 1 0
github.com/smartineztri_meli/W17-G2-Bootcamp/internal/repository/warehouse_repo.go:48.34,50.3 1 0
github.com/smartineztri_meli/W17-G2-Bootcamp/internal/repository/warehouse_repo.go:52.2,52.24 1 0
github.com/smartineztri_meli/W17-G2-Bootcamp/internal/repository/warehouse_repo.go:56.73,73.9 4 0
github.com/smartineztri_meli/W17-G2-Bootcamp/internal/repository/warehouse_repo.go:74.28,75.62 1 0
github.com/smartineztri_meli/W17-G2-Bootcamp/internal/repository/warehouse_repo.go:76.18,77.80 1 0
github.com/smartineztri_meli/W17-G2-Bootcamp/internal/repository/warehouse_repo.go:80.2,80.16 1 0
github.com/smartineztri_meli/W17-G2-Bootcamp/internal/repository/warehouse_repo.go:84.64,86.16 2 0
github.com/smartineztri_meli/W17-G2-Bootcamp/internal/repository/warehouse_repo.go:86.16,88.3 1 0
github.com/smartineztri_meli/W17-G2-Bootcamp/internal/repository/warehouse_repo.go:89.2,89.12 1 0
github.com/smartineztri_meli/W17-G2-Bootcamp/internal/repository/warehouse_repo.go:89.12,91.3 1 0
github.com/smartineztri_meli/W17-G2-Bootcamp/internal/repository/warehouse_repo.go:93.2,106.16 3 0
github.com/smartineztri_meli/W17-G2-Bootcamp/internal/repository/warehouse_repo.go:106.16,108.3 1 0
github.com/smartineztri_meli/W17-G2-Bootcamp/internal/repository/warehouse_repo.go:110.2,111.16 2 0
github.com/smartineztri_meli/W17-G2-Bootcamp/internal/repository/warehouse_repo.go:111.16,113.3 1 0
github.com/smartineztri_meli/W17-G2-Bootcamp/internal/repository/warehouse_repo.go:115.2,116.12 2 0
github.com/smartineztri_meli/W17-G2-Bootcamp/internal/repository/warehouse_repo.go:120.66,140.16 3 0
github.com/smartineztri_meli/W17-G2-Bootcamp/internal/repository/warehouse_repo.go:140.16,142.3 1 0
github.com/smartineztri_meli/W17-G2-Bootcamp/internal/repository/warehouse_repo.go:144.2,145.23 2 0
github.com/smartineztri_meli/W17-G2-Bootcamp/internal/repository/warehouse_repo.go:145.23,147.3 1 0
github.com/smartineztri_meli/W17-G2-Bootcamp/internal/repository/warehouse_repo.go:149.2,149.12 1 0
github.com/smartineztri_meli/W17-G2-Bootcamp/internal/repository/warehouse_repo.go:153.52,156.16 3 0
github.com/smartineztri_meli/W17-G2-Bootcamp/internal/repository/warehouse_repo.go:156.16,158.3 1 0
github.com/smartineztri_meli/W17-G2-Bootcamp/internal/repository/warehouse_repo.go:160.2,161.23 2 0
github.com/smartineztri_meli/W17-G2-Bootcamp/internal/repository/warehouse_repo.go:161.23,163.3 1 0
github.com/smartineztri_meli/W17-G2-Bootcamp/internal/repository/warehouse_repo.go:165.2,165.12 1 0
github.com/smartineztri_meli/W17-G2-Bootcamp/internal/repository/warehouse_repo.go:169.78,173.16 4 0
github.com/smartineztri_meli/W17-G2-Bootcamp/internal/repository/warehouse_repo.go:173.16,175.3 1 0
github.com/smartineztri_meli/W17-G2-Bootcamp/internal/repository/warehouse_repo.go:176.2,176.20 1 0
github.com/smartineztri_meli/W17-G2-Bootcamp/internal/repository/warehouse_repo.go:178.89,195.9 4 0
github.com/smartineztri_meli/W17-G2-Bootcamp/internal/repository/warehouse_repo.go:196.28,197.62 1 0
github.com/smartineztri_meli/W17-G2-Bootcamp/internal/repository/warehouse_repo.go:198.18,199.80 1 0
github.com/smartineztri_meli/W17-G2-Bootcamp/internal/repository/warehouse_repo.go:202.2,202.16 1 0
